

Started GET "/" for ::1 at 2015-02-12 07:35:00 -0500
Processing by Rails::WelcomeController#index as HTML
  Rendered C:/RailsInstaller/Ruby2.1.0/lib/ruby/gems/2.1.0/gems/railties-4.2.0/lib/rails/templates/rails/welcome/index.html.erb (19.0ms)
Completed 200 OK in 274ms (Views: 203.1ms | ActiveRecord: 0.0ms)


Started GET "/" for ::1 at 2015-02-12 07:46:57 -0500
Processing by WelcomeController#index as HTML
  Rendered welcome/index.html.erb within layouts/application (12.0ms)
Completed 200 OK in 3374ms (Views: 3319.4ms | ActiveRecord: 0.0ms)


Started GET "/assets/welcome-64e62ddc273c2f5847f30d698ca14b67.css?body=1" for ::1 at 2015-02-12 07:47:01 -0500


Started GET "/assets/application-5266d2988799ecc8fe6e81eaab412e7d.css?body=1" for ::1 at 2015-02-12 07:47:01 -0500


Started GET "/assets/jquery-87424c3c19e96d4fb033c10ebe21ec40.js?body=1" for ::1 at 2015-02-12 07:47:01 -0500


Started GET "/assets/jquery_ujs-e27bd20a10d28155845a22d71ef94f2f.js?body=1" for ::1 at 2015-02-12 07:47:01 -0500


Started GET "/assets/turbolinks-da8ddad9c2c5483d4c5c30c1ce325253.js?body=1" for ::1 at 2015-02-12 07:47:01 -0500


Started GET "/assets/application-79e1233a68e5fdd328d8a2ea17ddef8a.js?body=1" for ::1 at 2015-02-12 07:47:01 -0500


Started GET "/assets/welcome-fcec5b5a277ac7c20cc9f45a209a3bcd.js?body=1" for ::1 at 2015-02-12 07:47:01 -0500


Started GET "/" for ::1 at 2015-02-12 18:32:23 -0500
Processing by WelcomeController#index as HTML
  Rendered welcome/index.html.erb within layouts/application (30.0ms)
Completed 200 OK in 4845ms (Views: 4691.5ms | ActiveRecord: 0.0ms)


Started GET "/assets/welcome-64e62ddc273c2f5847f30d698ca14b67.css?body=1" for ::1 at 2015-02-12 18:32:30 -0500


Started GET "/assets/articles-64e62ddc273c2f5847f30d698ca14b67.css?body=1" for ::1 at 2015-02-12 18:32:30 -0500


Started GET "/assets/jquery-87424c3c19e96d4fb033c10ebe21ec40.js?body=1" for ::1 at 2015-02-12 18:32:30 -0500


Started GET "/assets/application-5266d2988799ecc8fe6e81eaab412e7d.css?body=1" for ::1 at 2015-02-12 18:32:30 -0500


Started GET "/assets/turbolinks-da8ddad9c2c5483d4c5c30c1ce325253.js?body=1" for ::1 at 2015-02-12 18:32:30 -0500


Started GET "/assets/jquery_ujs-e27bd20a10d28155845a22d71ef94f2f.js?body=1" for ::1 at 2015-02-12 18:32:31 -0500


Started GET "/assets/articles-fcec5b5a277ac7c20cc9f45a209a3bcd.js?body=1" for ::1 at 2015-02-12 18:32:31 -0500


Started GET "/assets/welcome-fcec5b5a277ac7c20cc9f45a209a3bcd.js?body=1" for ::1 at 2015-02-12 18:32:31 -0500


Started GET "/assets/application-322efd85de1e19784a5dc35312bc9882.js?body=1" for ::1 at 2015-02-12 18:32:31 -0500


Started GET "/articles/new" for ::1 at 2015-02-12 18:32:46 -0500
Processing by ArticlesController#new as HTML
  Rendered articles/new.html.erb within layouts/application (0.0ms)
Completed 200 OK in 544ms (Views: 540.0ms | ActiveRecord: 0.0ms)


Started GET "/articles/new" for ::1 at 2015-02-12 18:33:48 -0500
Processing by ArticlesController#new as HTML
  Rendered articles/new.html.erb within layouts/application (344.0ms)
Completed 200 OK in 764ms (Views: 760.0ms | ActiveRecord: 0.0ms)


Started GET "/articles/new" for ::1 at 2015-02-12 18:40:00 -0500
Processing by ArticlesController#new as HTML
  Rendered articles/new.html.erb within layouts/application (60.0ms)
Completed 500 Internal Server Error in 104ms

ActionView::Template::Error (undefined method `model_name' for {:url=>"/articles"}:Hash):
    1: <h1>New Article</h1>
    2: 
    3: <%= form_for url: articles_path do |f| %>
    4:   <p>
    5:     <%= f.label :title %><br>
    6:     <%= f.text_field :title %>
  app/views/articles/new.html.erb:3:in `_app_views_articles_new_html_erb__986139065_70905348'


  Rendered C:/RailsInstaller/Ruby2.1.0/lib/ruby/gems/2.1.0/gems/web-console-2.0.0/lib/action_dispatch/templates/rescues/_source.erb (8.0ms)
  Rendered C:/RailsInstaller/Ruby2.1.0/lib/ruby/gems/2.1.0/gems/web-console-2.0.0/lib/action_dispatch/templates/rescues/_trace.html.erb (24.0ms)
  Rendered C:/RailsInstaller/Ruby2.1.0/lib/ruby/gems/2.1.0/gems/web-console-2.0.0/lib/action_dispatch/templates/rescues/_request_and_response.html.erb (4.0ms)
  Rendered C:/RailsInstaller/Ruby2.1.0/lib/ruby/gems/2.1.0/gems/web-console-2.0.0/lib/action_dispatch/templates/rescues/_web_console.html.erb (4.0ms)
  Rendered C:/RailsInstaller/Ruby2.1.0/lib/ruby/gems/2.1.0/gems/web-console-2.0.0/lib/action_dispatch/templates/rescues/template_error.html.erb within rescues/layout (332.0ms)


Started GET "/articles/new" for ::1 at 2015-02-12 18:40:28 -0500
Processing by ArticlesController#new as HTML
  Rendered articles/new.html.erb within layouts/application (20.0ms)
Completed 500 Internal Server Error in 77ms

ActionView::Template::Error (undefined method `model_name' for {:url=>"/articles"}:Hash):
    1: <h1>New Article</h1>
    2: 
    3: <%= form_for url: articles_path do |f| %>
    4:   <p>
    5:     <%= f.label :title %><br>
    6:     <%= f.text_field :title %>
  app/views/articles/new.html.erb:3:in `_app_views_articles_new_html_erb__986139065_70905348'


  Rendered C:/RailsInstaller/Ruby2.1.0/lib/ruby/gems/2.1.0/gems/web-console-2.0.0/lib/action_dispatch/templates/rescues/_source.erb (8.0ms)
  Rendered C:/RailsInstaller/Ruby2.1.0/lib/ruby/gems/2.1.0/gems/web-console-2.0.0/lib/action_dispatch/templates/rescues/_trace.html.erb (16.0ms)
  Rendered C:/RailsInstaller/Ruby2.1.0/lib/ruby/gems/2.1.0/gems/web-console-2.0.0/lib/action_dispatch/templates/rescues/_request_and_response.html.erb (0.0ms)
  Rendered C:/RailsInstaller/Ruby2.1.0/lib/ruby/gems/2.1.0/gems/web-console-2.0.0/lib/action_dispatch/templates/rescues/_web_console.html.erb (0.0ms)
  Rendered C:/RailsInstaller/Ruby2.1.0/lib/ruby/gems/2.1.0/gems/web-console-2.0.0/lib/action_dispatch/templates/rescues/template_error.html.erb within rescues/layout (160.0ms)


Started GET "/articles/new" for ::1 at 2015-02-12 18:41:29 -0500
Processing by ArticlesController#new as HTML
  Rendered articles/new.html.erb within layouts/application (4.0ms)
Completed 200 OK in 332ms (Views: 328.0ms | ActiveRecord: 0.0ms)


Started POST "/articles" for ::1 at 2015-02-12 18:41:38 -0500
Processing by ArticlesController#create as HTML
  Parameters: {"utf8"=>"✓", "authenticity_token"=>"ap9mHGDtMLWkjT8A0ppfUwqiSAeQo8uBX7v33vsMwA9cODqExyUiRNzqgqWT/F9lgsuvo5bAgD1VthrOYiXQpQ==", "article"=>{"title"=>"Text ", "text"=>"Test"}, "commit"=>"Save Article"}
Completed 500 Internal Server Error in 20ms

ActionView::MissingTemplate (Missing template articles/create, application/create with {:locale=>[:en], :formats=>[:html], :variants=>[], :handlers=>[:erb, :builder, :raw, :ruby, :coffee, :jbuilder]}. Searched in:
  * "C:/RailsInstaller/Ruby2.1.0/lib/ruby/gems/2.1.0/gems/web-console-2.0.0/lib/action_dispatch/templates"
  * "C:/Sites/blog/app/views"
):
  actionview (4.2.0) lib/action_view/path_set.rb:46:in `find'
  actionview (4.2.0) lib/action_view/lookup_context.rb:121:in `find'
  C:in `find_template'
  actionview (4.2.0) lib/action_view/renderer/template_renderer.rb:40:in `determine_template'
  actionview (4.2.0) lib/action_view/renderer/template_renderer.rb:8:in `render'
  actionview (4.2.0) lib/action_view/renderer/renderer.rb:42:in `render_template'
  actionview (4.2.0) lib/action_view/renderer/renderer.rb:23:in `render'
  actionview (4.2.0) lib/action_view/rendering.rb:100:in `_render_template'
  actionpack (4.2.0) lib/action_controller/metal/streaming.rb:217:in `_render_template'
  actionview (4.2.0) lib/action_view/rendering.rb:83:in `render_to_body'
  actionpack (4.2.0) lib/action_controller/metal/rendering.rb:32:in `render_to_body'
  actionpack (4.2.0) lib/action_controller/metal/renderers.rb:37:in `render_to_body'
  actionpack (4.2.0) lib/abstract_controller/rendering.rb:25:in `render'
  actionpack (4.2.0) lib/action_controller/metal/rendering.rb:16:in `render'
  actionpack (4.2.0) lib/action_controller/metal/instrumentation.rb:41:in `block (2 levels) in render'
  activesupport (4.2.0) lib/active_support/core_ext/benchmark.rb:12:in `block in ms'
  C:/RailsInstaller/Ruby2.1.0/lib/ruby/2.1.0/benchmark.rb:294:in `realtime'
  activesupport (4.2.0) lib/active_support/core_ext/benchmark.rb:12:in `ms'
  actionpack (4.2.0) lib/action_controller/metal/instrumentation.rb:41:in `block in render'
  actionpack (4.2.0) lib/action_controller/metal/instrumentation.rb:84:in `cleanup_view_runtime'
  activerecord (4.2.0) lib/active_record/railties/controller_runtime.rb:25:in `cleanup_view_runtime'
  actionpack (4.2.0) lib/action_controller/metal/instrumentation.rb:40:in `render'
  actionpack (4.2.0) lib/action_controller/metal/implicit_render.rb:10:in `default_render'
  actionpack (4.2.0) lib/action_controller/metal/implicit_render.rb:5:in `send_action'
  actionpack (4.2.0) lib/abstract_controller/base.rb:198:in `process_action'
  actionpack (4.2.0) lib/action_controller/metal/rendering.rb:10:in `process_action'
  actionpack (4.2.0) lib/abstract_controller/callbacks.rb:20:in `block in process_action'
  activesupport (4.2.0) lib/active_support/callbacks.rb:117:in `call'
  activesupport (4.2.0) lib/active_support/callbacks.rb:117:in `call'
  activesupport (4.2.0) lib/active_support/callbacks.rb:234:in `block in halting'
  activesupport (4.2.0) lib/active_support/callbacks.rb:234:in `call'
  activesupport (4.2.0) lib/active_support/callbacks.rb:234:in `block in halting'
  activesupport (4.2.0) lib/active_support/callbacks.rb:169:in `call'
  activesupport (4.2.0) lib/active_support/callbacks.rb:169:in `block in halting'
  activesupport (4.2.0) lib/active_support/callbacks.rb:169:in `call'
  activesupport (4.2.0) lib/active_support/callbacks.rb:169:in `block in halting'
  activesupport (4.2.0) lib/active_support/callbacks.rb:234:in `call'
  activesupport (4.2.0) lib/active_support/callbacks.rb:234:in `block in halting'
  activesupport (4.2.0) lib/active_support/callbacks.rb:169:in `call'
  activesupport (4.2.0) lib/active_support/callbacks.rb:169:in `block in halting'
  activesupport (4.2.0) lib/active_support/callbacks.rb:92:in `call'
  activesupport (4.2.0) lib/active_support/callbacks.rb:92:in `_run_callbacks'
  activesupport (4.2.0) lib/active_support/callbacks.rb:734:in `_run_process_action_callbacks'
  activesupport (4.2.0) lib/active_support/callbacks.rb:81:in `run_callbacks'
  actionpack (4.2.0) lib/abstract_controller/callbacks.rb:19:in `process_action'
  actionpack (4.2.0) lib/action_controller/metal/rescue.rb:29:in `process_action'
  actionpack (4.2.0) lib/action_controller/metal/instrumentation.rb:31:in `block in process_action'
  activesupport (4.2.0) lib/active_support/notifications.rb:164:in `block in instrument'
  activesupport (4.2.0) lib/active_support/notifications/instrumenter.rb:20:in `instrument'
  activesupport (4.2.0) lib/active_support/notifications.rb:164:in `instrument'
  actionpack (4.2.0) lib/action_controller/metal/instrumentation.rb:30:in `process_action'
  actionpack (4.2.0) lib/action_controller/metal/params_wrapper.rb:250:in `process_action'
  activerecord (4.2.0) lib/active_record/railties/controller_runtime.rb:18:in `process_action'
  actionpack (4.2.0) lib/abstract_controller/base.rb:137:in `process'
  actionview (4.2.0) lib/action_view/rendering.rb:30:in `process'
  actionpack (4.2.0) lib/action_controller/metal.rb:195:in `dispatch'
  actionpack (4.2.0) lib/action_controller/metal/rack_delegation.rb:13:in `dispatch'
  actionpack (4.2.0) lib/action_controller/metal.rb:236:in `block in action'
  actionpack (4.2.0) lib/action_dispatch/routing/route_set.rb:73:in `call'
  actionpack (4.2.0) lib/action_dispatch/routing/route_set.rb:73:in `dispatch'
  actionpack (4.2.0) lib/action_dispatch/routing/route_set.rb:42:in `serve'
  actionpack (4.2.0) lib/action_dispatch/journey/router.rb:43:in `block in serve'
  actionpack (4.2.0) lib/action_dispatch/journey/router.rb:30:in `each'
  actionpack (4.2.0) lib/action_dispatch/journey/router.rb:30:in `serve'
  actionpack (4.2.0) lib/action_dispatch/routing/route_set.rb:802:in `call'
  rack (1.6.0) lib/rack/etag.rb:24:in `call'
  rack (1.6.0) lib/rack/conditionalget.rb:38:in `call'
  rack (1.6.0) lib/rack/head.rb:13:in `call'
  actionpack (4.2.0) lib/action_dispatch/middleware/params_parser.rb:27:in `call'
  actionpack (4.2.0) lib/action_dispatch/middleware/flash.rb:260:in `call'
  rack (1.6.0) lib/rack/session/abstract/id.rb:225:in `context'
  rack (1.6.0) lib/rack/session/abstract/id.rb:220:in `call'
  actionpack (4.2.0) lib/action_dispatch/middleware/cookies.rb:560:in `call'
  activerecord (4.2.0) lib/active_record/query_cache.rb:36:in `call'
  activerecord (4.2.0) lib/active_record/connection_adapters/abstract/connection_pool.rb:647:in `call'
  activerecord (4.2.0) lib/active_record/migration.rb:378:in `call'
  actionpack (4.2.0) lib/action_dispatch/middleware/callbacks.rb:29:in `block in call'
  activesupport (4.2.0) lib/active_support/callbacks.rb:88:in `call'
  activesupport (4.2.0) lib/active_support/callbacks.rb:88:in `_run_callbacks'
  activesupport (4.2.0) lib/active_support/callbacks.rb:734:in `_run_call_callbacks'
  activesupport (4.2.0) lib/active_support/callbacks.rb:81:in `run_callbacks'
  actionpack (4.2.0) lib/action_dispatch/middleware/callbacks.rb:27:in `call'
  actionpack (4.2.0) lib/action_dispatch/middleware/reloader.rb:73:in `call'
  actionpack (4.2.0) lib/action_dispatch/middleware/remote_ip.rb:78:in `call'
  web-console (2.0.0) lib/action_dispatch/debug_exceptions.rb:18:in `middleware_call'
  web-console (2.0.0) lib/action_dispatch/debug_exceptions.rb:13:in `call'
  actionpack (4.2.0) lib/action_dispatch/middleware/show_exceptions.rb:30:in `call'
  railties (4.2.0) lib/rails/rack/logger.rb:38:in `call_app'
  railties (4.2.0) lib/rails/rack/logger.rb:20:in `block in call'
  activesupport (4.2.0) lib/active_support/tagged_logging.rb:68:in `block in tagged'
  activesupport (4.2.0) lib/active_support/tagged_logging.rb:26:in `tagged'
  activesupport (4.2.0) lib/active_support/tagged_logging.rb:68:in `tagged'
  railties (4.2.0) lib/rails/rack/logger.rb:20:in `call'
  actionpack (4.2.0) lib/action_dispatch/middleware/request_id.rb:21:in `call'
  rack (1.6.0) lib/rack/methodoverride.rb:22:in `call'
  rack (1.6.0) lib/rack/runtime.rb:18:in `call'
  activesupport (4.2.0) lib/active_support/cache/strategy/local_cache_middleware.rb:28:in `call'
  rack (1.6.0) lib/rack/lock.rb:17:in `call'
  actionpack (4.2.0) lib/action_dispatch/middleware/static.rb:113:in `call'
  rack (1.6.0) lib/rack/sendfile.rb:113:in `call'
  railties (4.2.0) lib/rails/engine.rb:518:in `call'
  railties (4.2.0) lib/rails/application.rb:164:in `call'
  rack (1.6.0) lib/rack/lock.rb:17:in `call'
  rack (1.6.0) lib/rack/content_length.rb:15:in `call'
  rack (1.6.0) lib/rack/handler/webrick.rb:89:in `service'
  C:/RailsInstaller/Ruby2.1.0/lib/ruby/2.1.0/webrick/httpserver.rb:138:in `service'
  C:/RailsInstaller/Ruby2.1.0/lib/ruby/2.1.0/webrick/httpserver.rb:94:in `run'
  C:/RailsInstaller/Ruby2.1.0/lib/ruby/2.1.0/webrick/server.rb:295:in `block in start_thread'


  Rendered C:/RailsInstaller/Ruby2.1.0/lib/ruby/gems/2.1.0/gems/web-console-2.0.0/lib/action_dispatch/templates/rescues/_source.erb (8.0ms)
  Rendered C:/RailsInstaller/Ruby2.1.0/lib/ruby/gems/2.1.0/gems/web-console-2.0.0/lib/action_dispatch/templates/rescues/_trace.html.erb (9.6ms)
  Rendered C:/RailsInstaller/Ruby2.1.0/lib/ruby/gems/2.1.0/gems/web-console-2.0.0/lib/action_dispatch/templates/rescues/_request_and_response.html.erb (4.0ms)
  Rendered C:/RailsInstaller/Ruby2.1.0/lib/ruby/gems/2.1.0/gems/web-console-2.0.0/lib/action_dispatch/templates/rescues/_web_console.html.erb (4.0ms)
  Rendered C:/RailsInstaller/Ruby2.1.0/lib/ruby/gems/2.1.0/gems/web-console-2.0.0/lib/action_dispatch/templates/rescues/missing_template.html.erb within rescues/layout (159.7ms)


Started POST "/articles" for ::1 at 2015-02-12 18:43:14 -0500
Processing by ArticlesController#create as HTML
  Parameters: {"utf8"=>"✓", "authenticity_token"=>"ap9mHGDtMLWkjT8A0ppfUwqiSAeQo8uBX7v33vsMwA9cODqExyUiRNzqgqWT/F9lgsuvo5bAgD1VthrOYiXQpQ==", "article"=>{"title"=>"Text ", "text"=>"Test"}, "commit"=>"Save Article"}
  Rendered text template (0.0ms)
Completed 200 OK in 20ms (Views: 20.0ms | ActiveRecord: 0.0ms)
  [1m[36m (93.8ms)[0m  [1mCREATE TABLE "schema_migrations" ("version" varchar NOT NULL) [0m
  [1m[35m (0.0ms)[0m  select sqlite_version(*)
  [1m[36m (140.6ms)[0m  [1mCREATE UNIQUE INDEX "unique_schema_migrations" ON "schema_migrations" ("version")[0m
  [1m[35mActiveRecord::SchemaMigration Load (0.0ms)[0m  SELECT "schema_migrations".* FROM "schema_migrations"
Migrating to CreateArticles (20150212234529)
  [1m[36m (0.0ms)[0m  [1mbegin transaction[0m
  [1m[35m (0.0ms)[0m  CREATE TABLE "articles" ("id" INTEGER PRIMARY KEY AUTOINCREMENT NOT NULL, "title" varchar, "text" text, "created_at" datetime NOT NULL, "updated_at" datetime NOT NULL) 
  [1m[36mSQL (0.0ms)[0m  [1mINSERT INTO "schema_migrations" ("version") VALUES (?)[0m  [["version", "20150212234529"]]
  [1m[35m (125.0ms)[0m  commit transaction
  [1m[36mActiveRecord::SchemaMigration Load (0.0ms)[0m  [1mSELECT "schema_migrations".* FROM "schema_migrations"[0m


Started GET "/articles/new" for ::1 at 2015-02-12 18:56:35 -0500
  [1m[36mActiveRecord::SchemaMigration Load (0.0ms)[0m  [1mSELECT "schema_migrations".* FROM "schema_migrations"[0m
Processing by ArticlesController#new as HTML
  Rendered articles/new.html.erb within layouts/application (84.0ms)
Completed 200 OK in 696ms (Views: 632.0ms | ActiveRecord: 0.0ms)


Started POST "/articles" for ::1 at 2015-02-12 18:56:51 -0500
Processing by ArticlesController#create as HTML
  Parameters: {"utf8"=>"✓", "authenticity_token"=>"+sIxNY1nAt7awTQ4v/stafFGQS4NmUJnPQqN/cSGJTHMZW2tKq8QL6KmiZ3+nS1feS+migv6Cds3B2DtXa81mw==", "article"=>{"title"=>"Rails Rocks", "text"=>"And so does my wife!"}, "commit"=>"Save Article"}
Completed 500 Internal Server Error in 32ms

ActiveModel::ForbiddenAttributesError (ActiveModel::ForbiddenAttributesError):
  app/controllers/articles_controller.rb:6:in `create'


  Rendered C:/RailsInstaller/Ruby2.1.0/lib/ruby/gems/2.1.0/gems/web-console-2.0.0/lib/action_dispatch/templates/rescues/_source.erb (8.0ms)
  Rendered C:/RailsInstaller/Ruby2.1.0/lib/ruby/gems/2.1.0/gems/web-console-2.0.0/lib/action_dispatch/templates/rescues/_trace.html.erb (16.0ms)
  Rendered C:/RailsInstaller/Ruby2.1.0/lib/ruby/gems/2.1.0/gems/web-console-2.0.0/lib/action_dispatch/templates/rescues/_request_and_response.html.erb (4.0ms)
  Rendered C:/RailsInstaller/Ruby2.1.0/lib/ruby/gems/2.1.0/gems/web-console-2.0.0/lib/action_dispatch/templates/rescues/_web_console.html.erb (0.0ms)
  Rendered C:/RailsInstaller/Ruby2.1.0/lib/ruby/gems/2.1.0/gems/web-console-2.0.0/lib/action_dispatch/templates/rescues/diagnostics.html.erb within rescues/layout (232.0ms)


Started GET "/articles/new" for ::1 at 2015-02-13 07:54:11 -0500
  [1m[36mActiveRecord::SchemaMigration Load (1.0ms)[0m  [1mSELECT "schema_migrations".* FROM "schema_migrations"[0m
Processing by ArticlesController#new as HTML
  Rendered articles/new.html.erb within layouts/application (106.0ms)
Completed 200 OK in 647ms (Views: 592.4ms | ActiveRecord: 0.0ms)


Started GET "/assets/articles-64e62ddc273c2f5847f30d698ca14b67.css?body=1" for ::1 at 2015-02-13 07:54:13 -0500


Started GET "/assets/welcome-64e62ddc273c2f5847f30d698ca14b67.css?body=1" for ::1 at 2015-02-13 07:54:13 -0500


Started GET "/assets/jquery-87424c3c19e96d4fb033c10ebe21ec40.js?body=1" for ::1 at 2015-02-13 07:54:13 -0500


Started GET "/assets/application-5266d2988799ecc8fe6e81eaab412e7d.css?body=1" for ::1 at 2015-02-13 07:54:13 -0500


Started GET "/assets/articles-fcec5b5a277ac7c20cc9f45a209a3bcd.js?body=1" for ::1 at 2015-02-13 07:54:13 -0500


Started GET "/assets/jquery_ujs-e27bd20a10d28155845a22d71ef94f2f.js?body=1" for ::1 at 2015-02-13 07:54:13 -0500


Started GET "/assets/turbolinks-da8ddad9c2c5483d4c5c30c1ce325253.js?body=1" for ::1 at 2015-02-13 07:54:13 -0500


Started GET "/assets/welcome-fcec5b5a277ac7c20cc9f45a209a3bcd.js?body=1" for ::1 at 2015-02-13 07:54:13 -0500


Started GET "/assets/application-322efd85de1e19784a5dc35312bc9882.js?body=1" for ::1 at 2015-02-13 07:54:13 -0500


Started POST "/articles" for ::1 at 2015-02-13 07:54:26 -0500
Processing by ArticlesController#create as HTML
  Parameters: {"utf8"=>"✓", "authenticity_token"=>"sojZHRQUPc5UKxj3PanPe8dUXyT3CyA5EMiIJkRbFgGEL4WFs9wvPyxMpVJ8z89NTz24gPFoa4UaxWU23XIGqw==", "article"=>{"title"=>"Rails Test", "text"=>"Test Text"}, "commit"=>"Save Article"}
Completed 500 Internal Server Error in 27ms

ActiveModel::ForbiddenAttributesError (ActiveModel::ForbiddenAttributesError):
  app/controllers/articles_controller.rb:6:in `create'


  Rendered C:/RailsInstaller/Ruby2.1.0/lib/ruby/gems/2.1.0/gems/web-console-2.0.0/lib/action_dispatch/templates/rescues/_source.erb (9.0ms)
  Rendered C:/RailsInstaller/Ruby2.1.0/lib/ruby/gems/2.1.0/gems/web-console-2.0.0/lib/action_dispatch/templates/rescues/_trace.html.erb (20.0ms)
  Rendered C:/RailsInstaller/Ruby2.1.0/lib/ruby/gems/2.1.0/gems/web-console-2.0.0/lib/action_dispatch/templates/rescues/_request_and_response.html.erb (7.0ms)
  Rendered C:/RailsInstaller/Ruby2.1.0/lib/ruby/gems/2.1.0/gems/web-console-2.0.0/lib/action_dispatch/templates/rescues/_web_console.html.erb (5.0ms)
  Rendered C:/RailsInstaller/Ruby2.1.0/lib/ruby/gems/2.1.0/gems/web-console-2.0.0/lib/action_dispatch/templates/rescues/diagnostics.html.erb within rescues/layout (328.2ms)


Started GET "/articles/new" for ::1 at 2015-02-13 07:56:26 -0500
Processing by ArticlesController#new as HTML
  Rendered articles/new.html.erb within layouts/application (9.0ms)
Completed 200 OK in 543ms (Views: 539.5ms | ActiveRecord: 0.0ms)


Started GET "/assets/articles-64e62ddc273c2f5847f30d698ca14b67.css?body=1" for ::1 at 2015-02-13 07:56:27 -0500


Started GET "/assets/welcome-64e62ddc273c2f5847f30d698ca14b67.css?body=1" for ::1 at 2015-02-13 07:56:27 -0500


Started GET "/assets/articles-fcec5b5a277ac7c20cc9f45a209a3bcd.js?body=1" for ::1 at 2015-02-13 07:56:27 -0500


Started GET "/assets/application-5266d2988799ecc8fe6e81eaab412e7d.css?body=1" for ::1 at 2015-02-13 07:56:27 -0500


Started GET "/assets/turbolinks-da8ddad9c2c5483d4c5c30c1ce325253.js?body=1" for ::1 at 2015-02-13 07:56:27 -0500


Started GET "/assets/jquery-87424c3c19e96d4fb033c10ebe21ec40.js?body=1" for ::1 at 2015-02-13 07:56:27 -0500


Started GET "/assets/jquery_ujs-e27bd20a10d28155845a22d71ef94f2f.js?body=1" for ::1 at 2015-02-13 07:56:27 -0500


Started GET "/assets/welcome-fcec5b5a277ac7c20cc9f45a209a3bcd.js?body=1" for ::1 at 2015-02-13 07:56:27 -0500


Started GET "/assets/application-322efd85de1e19784a5dc35312bc9882.js?body=1" for ::1 at 2015-02-13 07:56:27 -0500


Started POST "/articles" for ::1 at 2015-02-13 07:56:33 -0500
Processing by ArticlesController#create as HTML
  Parameters: {"utf8"=>"✓", "authenticity_token"=>"mrLbvxQUs0NoNQV6fzre7YJo5Z4eMIGNA+RfOsEN9j2sFYcns9yhshBSuN8+XN7bCgECOhhTyjEJ6bIqWCTmlw==", "article"=>{"title"=>"test", "text"=>"Text"}, "commit"=>"Save Article"}
Completed 500 Internal Server Error in 6ms

ActiveModel::ForbiddenAttributesError (ActiveModel::ForbiddenAttributesError):
  app/controllers/articles_controller.rb:6:in `create'


  Rendered C:/RailsInstaller/Ruby2.1.0/lib/ruby/gems/2.1.0/gems/web-console-2.0.0/lib/action_dispatch/templates/rescues/_source.erb (6.0ms)
  Rendered C:/RailsInstaller/Ruby2.1.0/lib/ruby/gems/2.1.0/gems/web-console-2.0.0/lib/action_dispatch/templates/rescues/_trace.html.erb (13.0ms)
  Rendered C:/RailsInstaller/Ruby2.1.0/lib/ruby/gems/2.1.0/gems/web-console-2.0.0/lib/action_dispatch/templates/rescues/_request_and_response.html.erb (2.0ms)
  Rendered C:/RailsInstaller/Ruby2.1.0/lib/ruby/gems/2.1.0/gems/web-console-2.0.0/lib/action_dispatch/templates/rescues/_web_console.html.erb (3.0ms)
  Rendered C:/RailsInstaller/Ruby2.1.0/lib/ruby/gems/2.1.0/gems/web-console-2.0.0/lib/action_dispatch/templates/rescues/diagnostics.html.erb within rescues/layout (161.1ms)


Started POST "/articles" for ::1 at 2015-02-13 07:59:06 -0500
Processing by ArticlesController#create as HTML
  Parameters: {"utf8"=>"✓", "authenticity_token"=>"sojZHRQUPc5UKxj3PanPe8dUXyT3CyA5EMiIJkRbFgGEL4WFs9wvPyxMpVJ8z89NTz24gPFoa4UaxWU23XIGqw==", "article"=>{"title"=>"Rails Test", "text"=>"Test Text"}, "commit"=>"Save Article"}
Completed 500 Internal Server Error in 24ms

ActiveModel::ForbiddenAttributesError (ActiveModel::ForbiddenAttributesError):
  app/controllers/articles_controller.rb:10:in `create'


  Rendered C:/RailsInstaller/Ruby2.1.0/lib/ruby/gems/2.1.0/gems/web-console-2.0.0/lib/action_dispatch/templates/rescues/_source.erb (6.0ms)
  Rendered C:/RailsInstaller/Ruby2.1.0/lib/ruby/gems/2.1.0/gems/web-console-2.0.0/lib/action_dispatch/templates/rescues/_trace.html.erb (11.0ms)
  Rendered C:/RailsInstaller/Ruby2.1.0/lib/ruby/gems/2.1.0/gems/web-console-2.0.0/lib/action_dispatch/templates/rescues/_request_and_response.html.erb (2.0ms)
  Rendered C:/RailsInstaller/Ruby2.1.0/lib/ruby/gems/2.1.0/gems/web-console-2.0.0/lib/action_dispatch/templates/rescues/_web_console.html.erb (3.0ms)
  Rendered C:/RailsInstaller/Ruby2.1.0/lib/ruby/gems/2.1.0/gems/web-console-2.0.0/lib/action_dispatch/templates/rescues/diagnostics.html.erb within rescues/layout (183.1ms)


Started GET "/articles/new" for ::1 at 2015-02-13 07:59:12 -0500
Processing by ArticlesController#new as HTML
  Rendered articles/new.html.erb within layouts/application (4.0ms)
Completed 200 OK in 247ms (Views: 246.9ms | ActiveRecord: 0.0ms)


Started GET "/assets/turbolinks-da8ddad9c2c5483d4c5c30c1ce325253.js?body=1" for ::1 at 2015-02-13 07:59:12 -0500


Started GET "/assets/jquery-87424c3c19e96d4fb033c10ebe21ec40.js?body=1" for ::1 at 2015-02-13 07:59:12 -0500


Started GET "/assets/articles-64e62ddc273c2f5847f30d698ca14b67.css?body=1" for ::1 at 2015-02-13 07:59:12 -0500


Started GET "/assets/jquery_ujs-e27bd20a10d28155845a22d71ef94f2f.js?body=1" for ::1 at 2015-02-13 07:59:12 -0500


Started GET "/assets/application-5266d2988799ecc8fe6e81eaab412e7d.css?body=1" for ::1 at 2015-02-13 07:59:12 -0500


Started GET "/assets/welcome-64e62ddc273c2f5847f30d698ca14b67.css?body=1" for ::1 at 2015-02-13 07:59:13 -0500


Started GET "/assets/articles-fcec5b5a277ac7c20cc9f45a209a3bcd.js?body=1" for ::1 at 2015-02-13 07:59:13 -0500


Started GET "/assets/welcome-fcec5b5a277ac7c20cc9f45a209a3bcd.js?body=1" for ::1 at 2015-02-13 07:59:13 -0500


Started GET "/assets/application-322efd85de1e19784a5dc35312bc9882.js?body=1" for ::1 at 2015-02-13 07:59:13 -0500


Started POST "/articles" for ::1 at 2015-02-13 07:59:20 -0500
Processing by ArticlesController#create as HTML
  Parameters: {"utf8"=>"✓", "authenticity_token"=>"0e4GGaknW9c+mYvfG48Sglv9NOrgYUTa5KUyCaGFe57nSVqBDu9JJkb+Nnpa6RK005TTTuYCD2buqN8ZOKxrNA==", "article"=>{"title"=>"Test", "text"=>"With New Text"}, "commit"=>"Save Article"}
Completed 500 Internal Server Error in 6ms

ActiveModel::ForbiddenAttributesError (ActiveModel::ForbiddenAttributesError):
  app/controllers/articles_controller.rb:10:in `create'


  Rendered C:/RailsInstaller/Ruby2.1.0/lib/ruby/gems/2.1.0/gems/web-console-2.0.0/lib/action_dispatch/templates/rescues/_source.erb (5.0ms)
  Rendered C:/RailsInstaller/Ruby2.1.0/lib/ruby/gems/2.1.0/gems/web-console-2.0.0/lib/action_dispatch/templates/rescues/_trace.html.erb (9.0ms)
  Rendered C:/RailsInstaller/Ruby2.1.0/lib/ruby/gems/2.1.0/gems/web-console-2.0.0/lib/action_dispatch/templates/rescues/_request_and_response.html.erb (4.0ms)
  Rendered C:/RailsInstaller/Ruby2.1.0/lib/ruby/gems/2.1.0/gems/web-console-2.0.0/lib/action_dispatch/templates/rescues/_web_console.html.erb (4.0ms)
  Rendered C:/RailsInstaller/Ruby2.1.0/lib/ruby/gems/2.1.0/gems/web-console-2.0.0/lib/action_dispatch/templates/rescues/diagnostics.html.erb within rescues/layout (197.1ms)


Started POST "/console/repl_sessions/e761453b371627f80a2c9d8aee130722/trace" for ::1 at 2015-02-13 08:00:07 -0500


Started POST "/console/repl_sessions/e761453b371627f80a2c9d8aee130722/trace" for ::1 at 2015-02-13 08:00:13 -0500


Started POST "/console/repl_sessions/e761453b371627f80a2c9d8aee130722/trace" for ::1 at 2015-02-13 08:00:14 -0500


Started POST "/console/repl_sessions/e761453b371627f80a2c9d8aee130722/trace" for ::1 at 2015-02-13 08:00:14 -0500


Started POST "/articles" for ::1 at 2015-02-13 08:01:38 -0500
Processing by ArticlesController#create as HTML
  Parameters: {"utf8"=>"✓", "authenticity_token"=>"0e4GGaknW9c+mYvfG48Sglv9NOrgYUTa5KUyCaGFe57nSVqBDu9JJkb+Nnpa6RK005TTTuYCD2buqN8ZOKxrNA==", "article"=>{"title"=>"Test", "text"=>"With New Text"}, "commit"=>"Save Article"}
  [1m[35m (1.0ms)[0m  begin transaction
  [1m[36mSQL (20.0ms)[0m  [1mINSERT INTO "articles" ("title", "text", "created_at", "updated_at") VALUES (?, ?, ?, ?)[0m  [["title", "Test"], ["text", "With New Text"], ["created_at", "2015-02-13 13:01:39.023054"], ["updated_at", "2015-02-13 13:01:39.023054"]]
  [1m[35m (236.2ms)[0m  commit transaction
Redirected to http://localhost:3000/articles/1
Completed 302 Found in 339ms (ActiveRecord: 262.2ms)


Started GET "/articles/1" for ::1 at 2015-02-13 08:01:39 -0500
Processing by ArticlesController#show as HTML
  Parameters: {"id"=>"1"}
  [1m[36mArticle Load (1.0ms)[0m  [1mSELECT  "articles".* FROM "articles" WHERE "articles"."id" = ? LIMIT 1[0m  [["id", 1]]
  Rendered articles/show.html.erb within layouts/application (2.0ms)
Completed 200 OK in 336ms (Views: 271.2ms | ActiveRecord: 1.0ms)


Started GET "/assets/welcome-64e62ddc273c2f5847f30d698ca14b67.css?body=1" for ::1 at 2015-02-13 08:01:39 -0500


Started GET "/assets/application-5266d2988799ecc8fe6e81eaab412e7d.css?body=1" for ::1 at 2015-02-13 08:01:39 -0500


Started GET "/assets/jquery_ujs-e27bd20a10d28155845a22d71ef94f2f.js?body=1" for ::1 at 2015-02-13 08:01:39 -0500


Started GET "/assets/turbolinks-da8ddad9c2c5483d4c5c30c1ce325253.js?body=1" for ::1 at 2015-02-13 08:01:39 -0500


Started GET "/assets/jquery-87424c3c19e96d4fb033c10ebe21ec40.js?body=1" for ::1 at 2015-02-13 08:01:39 -0500


Started GET "/assets/articles-64e62ddc273c2f5847f30d698ca14b67.css?body=1" for ::1 at 2015-02-13 08:01:40 -0500


Started GET "/assets/articles-fcec5b5a277ac7c20cc9f45a209a3bcd.js?body=1" for ::1 at 2015-02-13 08:01:40 -0500


Started GET "/assets/welcome-fcec5b5a277ac7c20cc9f45a209a3bcd.js?body=1" for ::1 at 2015-02-13 08:01:40 -0500


Started GET "/assets/application-322efd85de1e19784a5dc35312bc9882.js?body=1" for ::1 at 2015-02-13 08:01:40 -0500


Started POST "/articles" for ::1 at 2015-02-13 08:01:44 -0500
Processing by ArticlesController#create as HTML
  Parameters: {"utf8"=>"✓", "authenticity_token"=>"0e4GGaknW9c+mYvfG48Sglv9NOrgYUTa5KUyCaGFe57nSVqBDu9JJkb+Nnpa6RK005TTTuYCD2buqN8ZOKxrNA==", "article"=>{"title"=>"Test", "text"=>"With New Text"}, "commit"=>"Save Article"}
  [1m[35m (0.0ms)[0m  begin transaction
  [1m[36mSQL (2.0ms)[0m  [1mINSERT INTO "articles" ("title", "text", "created_at", "updated_at") VALUES (?, ?, ?, ?)[0m  [["title", "Test"], ["text", "With New Text"], ["created_at", "2015-02-13 13:01:44.853290"], ["updated_at", "2015-02-13 13:01:44.853290"]]
  [1m[35m (153.1ms)[0m  commit transaction
Redirected to http://localhost:3000/articles/2
Completed 302 Found in 176ms (ActiveRecord: 155.1ms)


Started GET "/articles/2" for ::1 at 2015-02-13 08:01:45 -0500
Processing by ArticlesController#show as HTML
  Parameters: {"id"=>"2"}
  [1m[36mArticle Load (1.0ms)[0m  [1mSELECT  "articles".* FROM "articles" WHERE "articles"."id" = ? LIMIT 1[0m  [["id", 2]]
  Rendered articles/show.html.erb within layouts/application (1.0ms)
Completed 200 OK in 325ms (Views: 296.2ms | ActiveRecord: 1.0ms)


Started GET "/assets/application-5266d2988799ecc8fe6e81eaab412e7d.css?body=1" for ::1 at 2015-02-13 08:01:45 -0500


Started GET "/assets/welcome-64e62ddc273c2f5847f30d698ca14b67.css?body=1" for ::1 at 2015-02-13 08:01:45 -0500


Started GET "/assets/jquery-87424c3c19e96d4fb033c10ebe21ec40.js?body=1" for ::1 at 2015-02-13 08:01:45 -0500


Started GET "/assets/turbolinks-da8ddad9c2c5483d4c5c30c1ce325253.js?body=1" for ::1 at 2015-02-13 08:01:45 -0500


Started GET "/assets/articles-64e62ddc273c2f5847f30d698ca14b67.css?body=1" for ::1 at 2015-02-13 08:01:45 -0500


Started GET "/assets/jquery_ujs-e27bd20a10d28155845a22d71ef94f2f.js?body=1" for ::1 at 2015-02-13 08:01:45 -0500


Started GET "/assets/articles-fcec5b5a277ac7c20cc9f45a209a3bcd.js?body=1" for ::1 at 2015-02-13 08:01:45 -0500


Started GET "/assets/welcome-fcec5b5a277ac7c20cc9f45a209a3bcd.js?body=1" for ::1 at 2015-02-13 08:01:45 -0500


Started GET "/assets/application-322efd85de1e19784a5dc35312bc9882.js?body=1" for ::1 at 2015-02-13 08:01:45 -0500


Started POST "/articles" for ::1 at 2015-02-13 08:02:56 -0500
Processing by ArticlesController#create as HTML
  Parameters: {"utf8"=>"✓", "authenticity_token"=>"0e4GGaknW9c+mYvfG48Sglv9NOrgYUTa5KUyCaGFe57nSVqBDu9JJkb+Nnpa6RK005TTTuYCD2buqN8ZOKxrNA==", "article"=>{"title"=>"Test", "text"=>"With New Text 2"}, "commit"=>"Save Article"}
  [1m[35m (1.0ms)[0m  begin transaction
  [1m[36mSQL (2.0ms)[0m  [1mINSERT INTO "articles" ("title", "text", "created_at", "updated_at") VALUES (?, ?, ?, ?)[0m  [["title", "Test"], ["text", "With New Text 2"], ["created_at", "2015-02-13 13:02:56.805887"], ["updated_at", "2015-02-13 13:02:56.805887"]]
  [1m[35m (126.1ms)[0m  commit transaction
Redirected to http://localhost:3000/articles/3
Completed 302 Found in 173ms (ActiveRecord: 131.1ms)


Started GET "/articles/3" for ::1 at 2015-02-13 08:02:56 -0500
Processing by ArticlesController#show as HTML
  Parameters: {"id"=>"3"}
  [1m[36mArticle Load (1.0ms)[0m  [1mSELECT  "articles".* FROM "articles" WHERE "articles"."id" = ? LIMIT 1[0m  [["id", 3]]
  Rendered articles/show.html.erb within layouts/application (0.0ms)
Completed 200 OK in 285ms (Views: 278.2ms | ActiveRecord: 1.0ms)


Started GET "/assets/articles-64e62ddc273c2f5847f30d698ca14b67.css?body=1" for ::1 at 2015-02-13 08:02:57 -0500


Started GET "/assets/welcome-64e62ddc273c2f5847f30d698ca14b67.css?body=1" for ::1 at 2015-02-13 08:02:57 -0500


Started GET "/assets/application-5266d2988799ecc8fe6e81eaab412e7d.css?body=1" for ::1 at 2015-02-13 08:02:57 -0500


Started GET "/assets/jquery_ujs-e27bd20a10d28155845a22d71ef94f2f.js?body=1" for ::1 at 2015-02-13 08:02:57 -0500


Started GET "/assets/jquery-87424c3c19e96d4fb033c10ebe21ec40.js?body=1" for ::1 at 2015-02-13 08:02:57 -0500


Started GET "/assets/turbolinks-da8ddad9c2c5483d4c5c30c1ce325253.js?body=1" for ::1 at 2015-02-13 08:02:57 -0500


Started GET "/assets/articles-fcec5b5a277ac7c20cc9f45a209a3bcd.js?body=1" for ::1 at 2015-02-13 08:02:57 -0500


Started GET "/assets/welcome-fcec5b5a277ac7c20cc9f45a209a3bcd.js?body=1" for ::1 at 2015-02-13 08:02:57 -0500


Started GET "/assets/application-322efd85de1e19784a5dc35312bc9882.js?body=1" for ::1 at 2015-02-13 08:02:57 -0500


Started GET "/articles" for ::1 at 2015-02-13 08:05:04 -0500
Processing by ArticlesController#index as HTML
  [1m[35mArticle Load (1.0ms)[0m  SELECT "articles".* FROM "articles"
  Rendered articles/index.html.erb within layouts/application (23.0ms)
Completed 200 OK in 326ms (Views: 311.2ms | ActiveRecord: 4.0ms)


Started GET "/assets/application-5266d2988799ecc8fe6e81eaab412e7d.css?body=1" for ::1 at 2015-02-13 08:05:04 -0500


Started GET "/assets/welcome-64e62ddc273c2f5847f30d698ca14b67.css?body=1" for ::1 at 2015-02-13 08:05:05 -0500


Started GET "/assets/articles-64e62ddc273c2f5847f30d698ca14b67.css?body=1" for ::1 at 2015-02-13 08:05:05 -0500


Started GET "/assets/jquery-87424c3c19e96d4fb033c10ebe21ec40.js?body=1" for ::1 at 2015-02-13 08:05:05 -0500


Started GET "/assets/jquery_ujs-e27bd20a10d28155845a22d71ef94f2f.js?body=1" for ::1 at 2015-02-13 08:05:05 -0500


Started GET "/assets/articles-fcec5b5a277ac7c20cc9f45a209a3bcd.js?body=1" for ::1 at 2015-02-13 08:05:05 -0500


Started GET "/assets/welcome-fcec5b5a277ac7c20cc9f45a209a3bcd.js?body=1" for ::1 at 2015-02-13 08:05:05 -0500


Started GET "/assets/turbolinks-da8ddad9c2c5483d4c5c30c1ce325253.js?body=1" for ::1 at 2015-02-13 08:05:05 -0500


Started GET "/assets/application-322efd85de1e19784a5dc35312bc9882.js?body=1" for ::1 at 2015-02-13 08:05:05 -0500


Started GET "/articles/3" for ::1 at 2015-02-13 08:09:52 -0500
Processing by ArticlesController#show as HTML
  Parameters: {"id"=>"3"}
  [1m[36mArticle Load (1.0ms)[0m  [1mSELECT  "articles".* FROM "articles" WHERE "articles"."id" = ? LIMIT 1[0m  [["id", 3]]
  Rendered articles/show.html.erb within layouts/application (2.0ms)
Completed 200 OK in 249ms (Views: 241.2ms | ActiveRecord: 1.0ms)


Started GET "/assets/jquery_ujs-e27bd20a10d28155845a22d71ef94f2f.js?body=1" for ::1 at 2015-02-13 08:09:53 -0500


Started GET "/assets/welcome-64e62ddc273c2f5847f30d698ca14b67.css?body=1" for ::1 at 2015-02-13 08:09:53 -0500


Started GET "/assets/turbolinks-da8ddad9c2c5483d4c5c30c1ce325253.js?body=1" for ::1 at 2015-02-13 08:09:53 -0500


Started GET "/assets/application-5266d2988799ecc8fe6e81eaab412e7d.css?body=1" for ::1 at 2015-02-13 08:09:53 -0500


Started GET "/assets/jquery-87424c3c19e96d4fb033c10ebe21ec40.js?body=1" for ::1 at 2015-02-13 08:09:53 -0500


Started GET "/assets/articles-64e62ddc273c2f5847f30d698ca14b67.css?body=1" for ::1 at 2015-02-13 08:09:53 -0500


Started GET "/assets/articles-fcec5b5a277ac7c20cc9f45a209a3bcd.js?body=1" for ::1 at 2015-02-13 08:09:53 -0500


Started GET "/assets/application-322efd85de1e19784a5dc35312bc9882.js?body=1" for ::1 at 2015-02-13 08:09:53 -0500


Started GET "/assets/welcome-fcec5b5a277ac7c20cc9f45a209a3bcd.js?body=1" for ::1 at 2015-02-13 08:09:53 -0500


Started GET "/articles" for ::1 at 2015-02-13 08:09:55 -0500
Processing by ArticlesController#index as HTML
  [1m[35mArticle Load (0.0ms)[0m  SELECT "articles".* FROM "articles"
  Rendered articles/index.html.erb within layouts/application (0.0ms)
Completed 200 OK in 245ms (Views: 243.9ms | ActiveRecord: 0.0ms)


Started GET "/articles/new" for ::1 at 2015-02-13 08:09:57 -0500
Processing by ArticlesController#new as HTML
  Rendered articles/new.html.erb within layouts/application (0.0ms)
Completed 200 OK in 359ms (Views: 359.1ms | ActiveRecord: 0.0ms)


Started POST "/articles" for ::1 at 2015-02-13 08:10:09 -0500
Processing by ArticlesController#create as HTML
  Parameters: {"utf8"=>"✓", "authenticity_token"=>"cRl+FAY7qfmGokIDzfD668O42eph3gucuvEgipiFe+pHviKMofO7CP7F/6aMlvrdS9E+Tme9QCCw/M2aAaxrQA==", "article"=>{"title"=>"Another Arrticle", "text"=>"Test, test, test"}, "commit"=>"Save Article"}
  [1m[36m (0.0ms)[0m  [1mbegin transaction[0m
  [1m[35mSQL (1.0ms)[0m  INSERT INTO "articles" ("title", "text", "created_at", "updated_at") VALUES (?, ?, ?, ?)  [["title", "Another Arrticle"], ["text", "Test, test, test"], ["created_at", "2015-02-13 13:10:09.923843"], ["updated_at", "2015-02-13 13:10:09.923843"]]
  [1m[36m (133.0ms)[0m  [1mcommit transaction[0m
Redirected to http://localhost:3000/articles/4
Completed 302 Found in 155ms (ActiveRecord: 134.0ms)


Started GET "/articles/4" for ::1 at 2015-02-13 08:10:10 -0500
Processing by ArticlesController#show as HTML
  Parameters: {"id"=>"4"}
  [1m[35mArticle Load (0.0ms)[0m  SELECT  "articles".* FROM "articles" WHERE "articles"."id" = ? LIMIT 1  [["id", 4]]
  Rendered articles/show.html.erb within layouts/application (0.0ms)
Completed 200 OK in 271ms (Views: 265.2ms | ActiveRecord: 0.0ms)


Started GET "/assets/articles-64e62ddc273c2f5847f30d698ca14b67.css?body=1" for ::1 at 2015-02-13 08:10:10 -0500


Started GET "/assets/jquery_ujs-e27bd20a10d28155845a22d71ef94f2f.js?body=1" for ::1 at 2015-02-13 08:10:10 -0500


Started GET "/assets/application-5266d2988799ecc8fe6e81eaab412e7d.css?body=1" for ::1 at 2015-02-13 08:10:10 -0500


Started GET "/assets/jquery-87424c3c19e96d4fb033c10ebe21ec40.js?body=1" for ::1 at 2015-02-13 08:10:10 -0500


Started GET "/assets/welcome-64e62ddc273c2f5847f30d698ca14b67.css?body=1" for ::1 at 2015-02-13 08:10:10 -0500


Started GET "/assets/turbolinks-da8ddad9c2c5483d4c5c30c1ce325253.js?body=1" for ::1 at 2015-02-13 08:10:10 -0500


Started GET "/assets/articles-fcec5b5a277ac7c20cc9f45a209a3bcd.js?body=1" for ::1 at 2015-02-13 08:10:10 -0500


Started GET "/assets/welcome-fcec5b5a277ac7c20cc9f45a209a3bcd.js?body=1" for ::1 at 2015-02-13 08:10:10 -0500


Started GET "/assets/application-322efd85de1e19784a5dc35312bc9882.js?body=1" for ::1 at 2015-02-13 08:10:10 -0500


Started GET "/articles" for ::1 at 2015-02-13 08:10:12 -0500
Processing by ArticlesController#index as HTML
  [1m[36mArticle Load (0.0ms)[0m  [1mSELECT "articles".* FROM "articles"[0m
  Rendered articles/index.html.erb within layouts/application (0.0ms)
Completed 200 OK in 234ms (Views: 227.4ms | ActiveRecord: 0.0ms)


Started GET "/articles/new" for ::1 at 2015-02-13 08:10:19 -0500
Processing by ArticlesController#new as HTML
  Rendered articles/new.html.erb within layouts/application (2.0ms)
Completed 200 OK in 209ms (Views: 209.4ms | ActiveRecord: 0.0ms)


Started GET "/articles" for ::1 at 2015-02-13 08:10:21 -0500
Processing by ArticlesController#index as HTML
  [1m[35mArticle Load (0.0ms)[0m  SELECT "articles".* FROM "articles"
  Rendered articles/index.html.erb within layouts/application (0.0ms)
Completed 200 OK in 293ms (Views: 290.5ms | ActiveRecord: 0.0ms)


Started GET "/articles" for ::1 at 2015-02-13 12:27:00 -0500
  [1m[36mActiveRecord::SchemaMigration Load (1.0ms)[0m  [1mSELECT "schema_migrations".* FROM "schema_migrations"[0m
Processing by ArticlesController#index as HTML
  [1m[35mArticle Load (1.0ms)[0m  SELECT "articles".* FROM "articles"
  Rendered articles/index.html.erb within layouts/application (29.0ms)
Completed 200 OK in 683ms (Views: 608.5ms | ActiveRecord: 3.0ms)


Started GET "/assets/welcome-64e62ddc273c2f5847f30d698ca14b67.css?body=1" for ::1 at 2015-02-13 12:27:02 -0500


Started GET "/assets/application-5266d2988799ecc8fe6e81eaab412e7d.css?body=1" for ::1 at 2015-02-13 12:27:02 -0500


Started GET "/assets/articles-64e62ddc273c2f5847f30d698ca14b67.css?body=1" for ::1 at 2015-02-13 12:27:02 -0500


Started GET "/assets/turbolinks-da8ddad9c2c5483d4c5c30c1ce325253.js?body=1" for ::1 at 2015-02-13 12:27:02 -0500


Started GET "/assets/jquery_ujs-e27bd20a10d28155845a22d71ef94f2f.js?body=1" for ::1 at 2015-02-13 12:27:03 -0500


Started GET "/assets/jquery-87424c3c19e96d4fb033c10ebe21ec40.js?body=1" for ::1 at 2015-02-13 12:27:03 -0500


Started GET "/assets/articles-fcec5b5a277ac7c20cc9f45a209a3bcd.js?body=1" for ::1 at 2015-02-13 12:27:03 -0500


Started GET "/assets/welcome-fcec5b5a277ac7c20cc9f45a209a3bcd.js?body=1" for ::1 at 2015-02-13 12:27:03 -0500


Started GET "/assets/application-322efd85de1e19784a5dc35312bc9882.js?body=1" for ::1 at 2015-02-13 12:27:03 -0500


Started GET "/articles/new" for ::1 at 2015-02-13 12:27:04 -0500
Processing by ArticlesController#new as HTML
  Rendered articles/new.html.erb within layouts/application (101.5ms)
Completed 200 OK in 333ms (Views: 332.8ms | ActiveRecord: 0.0ms)


Started POST "/articles" for ::1 at 2015-02-13 12:27:12 -0500
Processing by ArticlesController#create as HTML
  Parameters: {"utf8"=>"✓", "authenticity_token"=>"3NRlZsTfjgQJ0Jet6/azqYYGFfRXt5ndZHvKAkVs2Crqczn+Yxec9XG3KgiqkLOfDm/yUFHU0mFudicS3EXIgA==", "article"=>{"title"=>"", "text"=>"Testing Validation"}, "commit"=>"Save Article"}
  [1m[36m (0.0ms)[0m  [1mbegin transaction[0m
  [1m[35m (0.0ms)[0m  rollback transaction
  Rendered articles/new.html.erb within layouts/application (10.0ms)
Completed 200 OK in 319ms (Views: 308.2ms | ActiveRecord: 0.0ms)


Started GET "/assets/welcome-64e62ddc273c2f5847f30d698ca14b67.css?body=1" for ::1 at 2015-02-13 12:27:12 -0500


Started GET "/assets/articles-64e62ddc273c2f5847f30d698ca14b67.css?body=1" for ::1 at 2015-02-13 12:27:12 -0500


Started GET "/assets/application-5266d2988799ecc8fe6e81eaab412e7d.css?body=1" for ::1 at 2015-02-13 12:27:12 -0500


Started GET "/assets/jquery-87424c3c19e96d4fb033c10ebe21ec40.js?body=1" for ::1 at 2015-02-13 12:27:12 -0500


Started GET "/assets/turbolinks-da8ddad9c2c5483d4c5c30c1ce325253.js?body=1" for ::1 at 2015-02-13 12:27:12 -0500


Started GET "/assets/jquery_ujs-e27bd20a10d28155845a22d71ef94f2f.js?body=1" for ::1 at 2015-02-13 12:27:12 -0500


Started GET "/assets/articles-fcec5b5a277ac7c20cc9f45a209a3bcd.js?body=1" for ::1 at 2015-02-13 12:27:12 -0500


Started GET "/assets/welcome-fcec5b5a277ac7c20cc9f45a209a3bcd.js?body=1" for ::1 at 2015-02-13 12:27:12 -0500


Started GET "/assets/application-322efd85de1e19784a5dc35312bc9882.js?body=1" for ::1 at 2015-02-13 12:27:12 -0500


Started GET "/articles" for ::1 at 2015-02-13 12:27:25 -0500
Processing by ArticlesController#index as HTML
  [1m[36mArticle Load (1.0ms)[0m  [1mSELECT "articles".* FROM "articles"[0m
  Rendered articles/index.html.erb within layouts/application (5.0ms)
Completed 200 OK in 294ms (Views: 291.6ms | ActiveRecord: 1.0ms)


Started GET "/assets/jquery-87424c3c19e96d4fb033c10ebe21ec40.js?body=1" for ::1 at 2015-02-13 12:27:25 -0500


Started GET "/assets/welcome-64e62ddc273c2f5847f30d698ca14b67.css?body=1" for ::1 at 2015-02-13 12:27:25 -0500


Started GET "/assets/jquery_ujs-e27bd20a10d28155845a22d71ef94f2f.js?body=1" for ::1 at 2015-02-13 12:27:25 -0500


Started GET "/assets/articles-64e62ddc273c2f5847f30d698ca14b67.css?body=1" for ::1 at 2015-02-13 12:27:25 -0500


Started GET "/assets/turbolinks-da8ddad9c2c5483d4c5c30c1ce325253.js?body=1" for ::1 at 2015-02-13 12:27:25 -0500


Started GET "/assets/application-5266d2988799ecc8fe6e81eaab412e7d.css?body=1" for ::1 at 2015-02-13 12:27:25 -0500


Started GET "/assets/articles-fcec5b5a277ac7c20cc9f45a209a3bcd.js?body=1" for ::1 at 2015-02-13 12:27:26 -0500


Started GET "/assets/welcome-fcec5b5a277ac7c20cc9f45a209a3bcd.js?body=1" for ::1 at 2015-02-13 12:27:26 -0500


Started GET "/assets/application-322efd85de1e19784a5dc35312bc9882.js?body=1" for ::1 at 2015-02-13 12:27:26 -0500


Started GET "/articles" for ::1 at 2015-02-13 12:46:46 -0500
Processing by ArticlesController#index as HTML
  [1m[35mArticle Load (2.0ms)[0m  SELECT "articles".* FROM "articles"
  Rendered articles/index.html.erb within layouts/application (33.0ms)
Completed 200 OK in 416ms (Views: 396.3ms | ActiveRecord: 5.0ms)


Started GET "/assets/welcome-64e62ddc273c2f5847f30d698ca14b67.css?body=1" for ::1 at 2015-02-13 12:46:47 -0500


Started GET "/assets/application-5266d2988799ecc8fe6e81eaab412e7d.css?body=1" for ::1 at 2015-02-13 12:46:47 -0500


Started GET "/assets/articles-64e62ddc273c2f5847f30d698ca14b67.css?body=1" for ::1 at 2015-02-13 12:46:47 -0500


Started GET "/assets/jquery-87424c3c19e96d4fb033c10ebe21ec40.js?body=1" for ::1 at 2015-02-13 12:46:47 -0500


Started GET "/assets/turbolinks-da8ddad9c2c5483d4c5c30c1ce325253.js?body=1" for ::1 at 2015-02-13 12:46:47 -0500


Started GET "/assets/jquery_ujs-e27bd20a10d28155845a22d71ef94f2f.js?body=1" for ::1 at 2015-02-13 12:46:47 -0500


Started GET "/assets/articles-fcec5b5a277ac7c20cc9f45a209a3bcd.js?body=1" for ::1 at 2015-02-13 12:46:47 -0500


Started GET "/assets/welcome-fcec5b5a277ac7c20cc9f45a209a3bcd.js?body=1" for ::1 at 2015-02-13 12:46:47 -0500


Started GET "/assets/application-322efd85de1e19784a5dc35312bc9882.js?body=1" for ::1 at 2015-02-13 12:46:47 -0500


Started GET "/articles/1" for ::1 at 2015-02-13 12:46:50 -0500
Processing by ArticlesController#show as HTML
  Parameters: {"id"=>"1"}
  [1m[36mArticle Load (0.0ms)[0m  [1mSELECT  "articles".* FROM "articles" WHERE "articles"."id" = ? LIMIT 1[0m  [["id", 1]]
  Rendered articles/show.html.erb within layouts/application (15.9ms)
Completed 200 OK in 246ms (Views: 199.0ms | ActiveRecord: 0.0ms)


Started GET "/articles/1/edit" for ::1 at 2015-02-13 12:46:53 -0500
Processing by ArticlesController#edit as HTML
  Parameters: {"id"=>"1"}
  [1m[35mArticle Load (0.0ms)[0m  SELECT  "articles".* FROM "articles" WHERE "articles"."id" = ? LIMIT 1  [["id", 1]]
  Rendered articles/edit.html.erb within layouts/application (0.0ms)
Completed 200 OK in 212ms (Views: 212.0ms | ActiveRecord: 0.0ms)


Started PATCH "/articles/1" for ::1 at 2015-02-13 12:47:02 -0500
Processing by ArticlesController#update as HTML
  Parameters: {"utf8"=>"✓", "authenticity_token"=>"PlGG4olsnP1mZ7rqWFR1oGq/E0UNux+/3HEaS0Qz/N4I9tp6LqSODB4AB08ZMnWW4tb04QvYVAPWfPdb3RrsdA==", "article"=>{"title"=>"Test - New", "text"=>"With New Text"}, "commit"=>"Save Article", "id"=>"1"}
  [1m[36mArticle Load (1.0ms)[0m  [1mSELECT  "articles".* FROM "articles" WHERE "articles"."id" = ? LIMIT 1[0m  [["id", 1]]
  [1m[35m (0.0ms)[0m  begin transaction
  [1m[36mSQL (1.0ms)[0m  [1mUPDATE "articles" SET "title" = ?, "updated_at" = ? WHERE "articles"."id" = ?[0m  [["title", "Test - New"], ["updated_at", "2015-02-13 17:47:02.188262"], ["id", 1]]
  [1m[35m (215.4ms)[0m  commit transaction
Redirected to http://localhost:3000/articles/1
Completed 302 Found in 264ms (ActiveRecord: 217.4ms)


Started GET "/articles/1" for ::1 at 2015-02-13 12:47:02 -0500
Processing by ArticlesController#show as HTML
  Parameters: {"id"=>"1"}
  [1m[36mArticle Load (0.0ms)[0m  [1mSELECT  "articles".* FROM "articles" WHERE "articles"."id" = ? LIMIT 1[0m  [["id", 1]]
  Rendered articles/show.html.erb within layouts/application (2.0ms)
Completed 200 OK in 217ms (Views: 211.1ms | ActiveRecord: 0.0ms)


Started GET "/assets/articles-64e62ddc273c2f5847f30d698ca14b67.css?body=1" for ::1 at 2015-02-13 12:47:02 -0500


Started GET "/assets/turbolinks-da8ddad9c2c5483d4c5c30c1ce325253.js?body=1" for ::1 at 2015-02-13 12:47:02 -0500


Started GET "/assets/jquery-87424c3c19e96d4fb033c10ebe21ec40.js?body=1" for ::1 at 2015-02-13 12:47:02 -0500


Started GET "/assets/application-5266d2988799ecc8fe6e81eaab412e7d.css?body=1" for ::1 at 2015-02-13 12:47:02 -0500


Started GET "/assets/jquery_ujs-e27bd20a10d28155845a22d71ef94f2f.js?body=1" for ::1 at 2015-02-13 12:47:02 -0500


Started GET "/assets/welcome-64e62ddc273c2f5847f30d698ca14b67.css?body=1" for ::1 at 2015-02-13 12:47:02 -0500


Started GET "/assets/articles-fcec5b5a277ac7c20cc9f45a209a3bcd.js?body=1" for ::1 at 2015-02-13 12:47:02 -0500


Started GET "/assets/welcome-fcec5b5a277ac7c20cc9f45a209a3bcd.js?body=1" for ::1 at 2015-02-13 12:47:02 -0500


Started GET "/assets/application-322efd85de1e19784a5dc35312bc9882.js?body=1" for ::1 at 2015-02-13 12:47:02 -0500


Started GET "/articles" for ::1 at 2015-02-13 12:47:06 -0500
Processing by ArticlesController#index as HTML
  [1m[35mArticle Load (0.0ms)[0m  SELECT "articles".* FROM "articles"
  Rendered articles/index.html.erb within layouts/application (0.0ms)
Completed 200 OK in 220ms (Views: 218.3ms | ActiveRecord: 0.0ms)


Started GET "/articles/4" for ::1 at 2015-02-13 12:47:12 -0500
Processing by ArticlesController#show as HTML
  Parameters: {"id"=>"4"}
  [1m[36mArticle Load (0.0ms)[0m  [1mSELECT  "articles".* FROM "articles" WHERE "articles"."id" = ? LIMIT 1[0m  [["id", 4]]
  Rendered articles/show.html.erb within layouts/application (0.0ms)
Completed 200 OK in 238ms (Views: 237.7ms | ActiveRecord: 0.0ms)


Started GET "/articles" for ::1 at 2015-02-13 12:47:15 -0500
Processing by ArticlesController#index as HTML
  [1m[35mArticle Load (0.0ms)[0m  SELECT "articles".* FROM "articles"
  Rendered articles/index.html.erb within layouts/application (1.1ms)
Completed 200 OK in 211ms (Views: 211.5ms | ActiveRecord: 0.0ms)


Started GET "/articles/new" for ::1 at 2015-02-13 12:47:18 -0500
Processing by ArticlesController#new as HTML
  Rendered articles/new.html.erb within layouts/application (15.6ms)
Completed 200 OK in 240ms (Views: 240.5ms | ActiveRecord: 0.0ms)


Started GET "/articles/4/edit" for ::1 at 2015-02-13 12:47:24 -0500
Processing by ArticlesController#edit as HTML
  Parameters: {"id"=>"4"}
  [1m[36mArticle Load (0.0ms)[0m  [1mSELECT  "articles".* FROM "articles" WHERE "articles"."id" = ? LIMIT 1[0m  [["id", 4]]
  Rendered articles/edit.html.erb within layouts/application (0.0ms)
Completed 200 OK in 260ms (Views: 260.0ms | ActiveRecord: 0.0ms)


Started PATCH "/articles/4" for ::1 at 2015-02-13 12:47:27 -0500
Processing by ArticlesController#update as HTML
  Parameters: {"utf8"=>"✓", "authenticity_token"=>"4gQb9ZlVhBYdwaDIKEbBVlAhKHwcgzxaFIg44NDnmvDUo0dtPp2W52WmHW1pIMFg2EjP2Brgd+YehdXwSc6KWg==", "article"=>{"title"=>"Another Arrticle", "text"=>"Test, test, test"}, "commit"=>"Save Article", "id"=>"4"}
  [1m[35mArticle Load (0.0ms)[0m  SELECT  "articles".* FROM "articles" WHERE "articles"."id" = ? LIMIT 1  [["id", 4]]
  [1m[36m (1.0ms)[0m  [1mbegin transaction[0m
  [1m[35m (0.0ms)[0m  commit transaction
Redirected to http://localhost:3000/articles/4
Completed 302 Found in 24ms (ActiveRecord: 1.0ms)


Started GET "/articles/4" for ::1 at 2015-02-13 12:47:27 -0500
Processing by ArticlesController#show as HTML
  Parameters: {"id"=>"4"}
  [1m[36mArticle Load (0.0ms)[0m  [1mSELECT  "articles".* FROM "articles" WHERE "articles"."id" = ? LIMIT 1[0m  [["id", 4]]
  Rendered articles/show.html.erb within layouts/application (1.0ms)
Completed 200 OK in 300ms (Views: 296.2ms | ActiveRecord: 0.0ms)


Started GET "/assets/jquery-87424c3c19e96d4fb033c10ebe21ec40.js?body=1" for ::1 at 2015-02-13 12:47:27 -0500


Started GET "/assets/application-5266d2988799ecc8fe6e81eaab412e7d.css?body=1" for ::1 at 2015-02-13 12:47:28 -0500


Started GET "/assets/welcome-64e62ddc273c2f5847f30d698ca14b67.css?body=1" for ::1 at 2015-02-13 12:47:28 -0500


Started GET "/assets/turbolinks-da8ddad9c2c5483d4c5c30c1ce325253.js?body=1" for ::1 at 2015-02-13 12:47:28 -0500


Started GET "/assets/jquery_ujs-e27bd20a10d28155845a22d71ef94f2f.js?body=1" for ::1 at 2015-02-13 12:47:28 -0500


Started GET "/assets/articles-64e62ddc273c2f5847f30d698ca14b67.css?body=1" for ::1 at 2015-02-13 12:47:28 -0500


Started GET "/assets/articles-fcec5b5a277ac7c20cc9f45a209a3bcd.js?body=1" for ::1 at 2015-02-13 12:47:28 -0500


Started GET "/assets/welcome-fcec5b5a277ac7c20cc9f45a209a3bcd.js?body=1" for ::1 at 2015-02-13 12:47:28 -0500


Started GET "/assets/application-322efd85de1e19784a5dc35312bc9882.js?body=1" for ::1 at 2015-02-13 12:47:28 -0500


Started GET "/articles/4/edit" for ::1 at 2015-02-13 12:47:31 -0500
Processing by ArticlesController#edit as HTML
  Parameters: {"id"=>"4"}
  [1m[35mArticle Load (0.0ms)[0m  SELECT  "articles".* FROM "articles" WHERE "articles"."id" = ? LIMIT 1  [["id", 4]]
  Rendered articles/edit.html.erb within layouts/application (1.4ms)
Completed 200 OK in 394ms (Views: 394.0ms | ActiveRecord: 0.0ms)


Started PATCH "/articles/4" for ::1 at 2015-02-13 12:47:35 -0500
Processing by ArticlesController#update as HTML
  Parameters: {"utf8"=>"✓", "authenticity_token"=>"+j1UvcNvcnFdrXppSmr3ba0A3eEJ0Ao4LE7hx7371HvMmgglZKdggCXKx8wLDPdbJWk6RQ+zQYQmQwzXJNLE0Q==", "article"=>{"title"=>"An", "text"=>"Test, test, test"}, "commit"=>"Save Article", "id"=>"4"}
  [1m[36mArticle Load (1.0ms)[0m  [1mSELECT  "articles".* FROM "articles" WHERE "articles"."id" = ? LIMIT 1[0m  [["id", 4]]
  [1m[35m (0.0ms)[0m  begin transaction
  [1m[36m (0.0ms)[0m  [1mrollback transaction[0m
  Rendered articles/edit.html.erb within layouts/application (9.0ms)
Completed 200 OK in 323ms (Views: 298.2ms | ActiveRecord: 1.0ms)


Started GET "/assets/application-5266d2988799ecc8fe6e81eaab412e7d.css?body=1" for ::1 at 2015-02-13 12:47:36 -0500


Started GET "/assets/articles-64e62ddc273c2f5847f30d698ca14b67.css?body=1" for ::1 at 2015-02-13 12:47:36 -0500


Started GET "/assets/welcome-64e62ddc273c2f5847f30d698ca14b67.css?body=1" for ::1 at 2015-02-13 12:47:36 -0500


Started GET "/assets/jquery_ujs-e27bd20a10d28155845a22d71ef94f2f.js?body=1" for ::1 at 2015-02-13 12:47:36 -0500


Started GET "/assets/turbolinks-da8ddad9c2c5483d4c5c30c1ce325253.js?body=1" for ::1 at 2015-02-13 12:47:36 -0500


Started GET "/assets/jquery-87424c3c19e96d4fb033c10ebe21ec40.js?body=1" for ::1 at 2015-02-13 12:47:36 -0500


Started GET "/assets/articles-fcec5b5a277ac7c20cc9f45a209a3bcd.js?body=1" for ::1 at 2015-02-13 12:47:36 -0500


Started GET "/assets/welcome-fcec5b5a277ac7c20cc9f45a209a3bcd.js?body=1" for ::1 at 2015-02-13 12:47:36 -0500


Started GET "/assets/application-322efd85de1e19784a5dc35312bc9882.js?body=1" for ::1 at 2015-02-13 12:47:36 -0500


Started GET "/articles" for ::1 at 2015-02-13 12:47:39 -0500
Processing by ArticlesController#index as HTML
  [1m[35mArticle Load (1.0ms)[0m  SELECT "articles".* FROM "articles"
  Rendered articles/index.html.erb within layouts/application (6.0ms)
Completed 200 OK in 285ms (Views: 282.2ms | ActiveRecord: 1.0ms)


Started GET "/assets/welcome-64e62ddc273c2f5847f30d698ca14b67.css?body=1" for ::1 at 2015-02-13 12:47:39 -0500


Started GET "/assets/application-5266d2988799ecc8fe6e81eaab412e7d.css?body=1" for ::1 at 2015-02-13 12:47:39 -0500


Started GET "/assets/turbolinks-da8ddad9c2c5483d4c5c30c1ce325253.js?body=1" for ::1 at 2015-02-13 12:47:39 -0500


Started GET "/assets/articles-64e62ddc273c2f5847f30d698ca14b67.css?body=1" for ::1 at 2015-02-13 12:47:39 -0500


Started GET "/assets/jquery_ujs-e27bd20a10d28155845a22d71ef94f2f.js?body=1" for ::1 at 2015-02-13 12:47:39 -0500


Started GET "/assets/jquery-87424c3c19e96d4fb033c10ebe21ec40.js?body=1" for ::1 at 2015-02-13 12:47:39 -0500


Started GET "/assets/articles-fcec5b5a277ac7c20cc9f45a209a3bcd.js?body=1" for ::1 at 2015-02-13 12:47:39 -0500


Started GET "/assets/welcome-fcec5b5a277ac7c20cc9f45a209a3bcd.js?body=1" for ::1 at 2015-02-13 12:47:39 -0500


Started GET "/assets/application-322efd85de1e19784a5dc35312bc9882.js?body=1" for ::1 at 2015-02-13 12:47:39 -0500


Started GET "/" for ::1 at 2015-02-15 12:57:36 -0500
  [1m[36mActiveRecord::SchemaMigration Load (0.0ms)[0m  [1mSELECT "schema_migrations".* FROM "schema_migrations"[0m
Processing by WelcomeController#index as HTML
  Rendered welcome/index.html.erb within layouts/application (64.0ms)
Completed 200 OK in 1680ms (Views: 1583.2ms | ActiveRecord: 0.0ms)


Started GET "/assets/application-5266d2988799ecc8fe6e81eaab412e7d.css?body=1" for ::1 at 2015-02-15 12:57:41 -0500


Started GET "/assets/articles-64e62ddc273c2f5847f30d698ca14b67.css?body=1" for ::1 at 2015-02-15 12:57:41 -0500


Started GET "/assets/welcome-64e62ddc273c2f5847f30d698ca14b67.css?body=1" for ::1 at 2015-02-15 12:57:41 -0500


Started GET "/assets/jquery-87424c3c19e96d4fb033c10ebe21ec40.js?body=1" for ::1 at 2015-02-15 12:57:41 -0500


Started GET "/assets/jquery_ujs-e27bd20a10d28155845a22d71ef94f2f.js?body=1" for ::1 at 2015-02-15 12:57:41 -0500


Started GET "/assets/turbolinks-da8ddad9c2c5483d4c5c30c1ce325253.js?body=1" for ::1 at 2015-02-15 12:57:41 -0500


Started GET "/assets/articles-fcec5b5a277ac7c20cc9f45a209a3bcd.js?body=1" for ::1 at 2015-02-15 12:57:41 -0500


Started GET "/assets/welcome-fcec5b5a277ac7c20cc9f45a209a3bcd.js?body=1" for ::1 at 2015-02-15 12:57:41 -0500


Started GET "/assets/application-322efd85de1e19784a5dc35312bc9882.js?body=1" for ::1 at 2015-02-15 12:57:41 -0500


Started GET "/articles" for ::1 at 2015-02-15 12:57:44 -0500
Processing by ArticlesController#index as HTML
  [1m[35mArticle Load (0.0ms)[0m  SELECT "articles".* FROM "articles"
  Rendered articles/index.html.erb within layouts/application (22.5ms)
Completed 200 OK in 308ms (Views: 292.1ms | ActiveRecord: 0.0ms)


Started DELETE "/articles/1" for ::1 at 2015-02-15 12:57:49 -0500
Processing by ArticlesController#destroy as HTML
  Parameters: {"authenticity_token"=>"2NpyqK0KR/7xraSu7+/5ESYYRlOA0wdVZ6RZZylr2wnufS4wCsJVD4nKGQuuifknrnGh94awTOltqbR3sELLow==", "id"=>"1"}
  [1m[36mArticle Load (1.0ms)[0m  [1mSELECT  "articles".* FROM "articles" WHERE "articles"."id" = ? LIMIT 1[0m  [["id", 1]]
  [1m[35m (0.0ms)[0m  begin transaction
  [1m[36mSQL (2.0ms)[0m  [1mDELETE FROM "articles" WHERE "articles"."id" = ?[0m  [["id", 1]]
  [1m[35m (187.1ms)[0m  commit transaction
Redirected to http://localhost:3000/articles
Completed 302 Found in 351ms (ActiveRecord: 190.1ms)


Started GET "/articles" for ::1 at 2015-02-15 12:57:49 -0500
Processing by ArticlesController#index as HTML
  [1m[36mArticle Load (1.0ms)[0m  [1mSELECT "articles".* FROM "articles"[0m
  Rendered articles/index.html.erb within layouts/application (10.0ms)
Completed 200 OK in 298ms (Views: 296.2ms | ActiveRecord: 1.0ms)


Started GET "/assets/articles-64e62ddc273c2f5847f30d698ca14b67.css?body=1" for ::1 at 2015-02-15 12:57:50 -0500


Started GET "/assets/application-5266d2988799ecc8fe6e81eaab412e7d.css?body=1" for ::1 at 2015-02-15 12:57:50 -0500


Started GET "/assets/welcome-64e62ddc273c2f5847f30d698ca14b67.css?body=1" for ::1 at 2015-02-15 12:57:50 -0500


Started GET "/assets/jquery_ujs-e27bd20a10d28155845a22d71ef94f2f.js?body=1" for ::1 at 2015-02-15 12:57:50 -0500


Started GET "/assets/jquery-87424c3c19e96d4fb033c10ebe21ec40.js?body=1" for ::1 at 2015-02-15 12:57:50 -0500


Started GET "/assets/turbolinks-da8ddad9c2c5483d4c5c30c1ce325253.js?body=1" for ::1 at 2015-02-15 12:57:50 -0500


Started GET "/assets/articles-fcec5b5a277ac7c20cc9f45a209a3bcd.js?body=1" for ::1 at 2015-02-15 12:57:50 -0500


Started GET "/assets/welcome-fcec5b5a277ac7c20cc9f45a209a3bcd.js?body=1" for ::1 at 2015-02-15 12:57:50 -0500


Started GET "/assets/application-322efd85de1e19784a5dc35312bc9882.js?body=1" for ::1 at 2015-02-15 12:57:50 -0500
  [1m[36mActiveRecord::SchemaMigration Load (0.0ms)[0m  [1mSELECT "schema_migrations".* FROM "schema_migrations"[0m
Migrating to CreateComments (20150215180005)
  [1m[35m (0.0ms)[0m  begin transaction
  [1m[36m (0.0ms)[0m  [1mCREATE TABLE "comments" ("id" INTEGER PRIMARY KEY AUTOINCREMENT NOT NULL, "commenter" varchar, "body" text, "article_id" integer, "created_at" datetime NOT NULL, "updated_at" datetime NOT NULL) [0m
  [1m[35m (0.0ms)[0m  select sqlite_version(*)
  [1m[36m (0.0ms)[0m  [1mCREATE  INDEX "index_comments_on_article_id" ON "comments" ("article_id")[0m
  [1m[35mSQL (0.0ms)[0m  INSERT INTO "schema_migrations" ("version") VALUES (?)  [["version", "20150215180005"]]
  [1m[36m (125.0ms)[0m  [1mcommit transaction[0m
  [1m[35mActiveRecord::SchemaMigration Load (0.0ms)[0m  SELECT "schema_migrations".* FROM "schema_migrations"
  [1m[36m (0.0ms)[0m  [1m            SELECT sql
            FROM sqlite_master
            WHERE name='index_comments_on_article_id' AND type='index'
            UNION ALL
            SELECT sql
            FROM sqlite_temp_master
            WHERE name='index_comments_on_article_id' AND type='index'
[0m


Started GET "/articles" for ::1 at 2015-02-17 12:56:22 -0500
  [1m[36mActiveRecord::SchemaMigration Load (0.0ms)[0m  [1mSELECT "schema_migrations".* FROM "schema_migrations"[0m
Processing by ArticlesController#index as HTML
  [1m[35mArticle Load (0.0ms)[0m  SELECT "articles".* FROM "articles"
  Rendered articles/index.html.erb within layouts/application (44.0ms)
Completed 200 OK in 2738ms (Views: 2553.7ms | ActiveRecord: 4.0ms)


Started GET "/assets/articles-64e62ddc273c2f5847f30d698ca14b67.css?body=1" for ::1 at 2015-02-17 12:56:26 -0500


Started GET "/assets/welcome-64e62ddc273c2f5847f30d698ca14b67.css?body=1" for ::1 at 2015-02-17 12:56:26 -0500


Started GET "/assets/comments-64e62ddc273c2f5847f30d698ca14b67.css?body=1" for ::1 at 2015-02-17 12:56:26 -0500


Started GET "/assets/application-5266d2988799ecc8fe6e81eaab412e7d.css?body=1" for ::1 at 2015-02-17 12:56:26 -0500


Started GET "/assets/comments-fcec5b5a277ac7c20cc9f45a209a3bcd.js?body=1" for ::1 at 2015-02-17 12:56:26 -0500


Started GET "/assets/jquery-87424c3c19e96d4fb033c10ebe21ec40.js?body=1" for ::1 at 2015-02-17 12:56:26 -0500


Started GET "/assets/jquery_ujs-e27bd20a10d28155845a22d71ef94f2f.js?body=1" for ::1 at 2015-02-17 12:56:26 -0500


Started GET "/assets/turbolinks-da8ddad9c2c5483d4c5c30c1ce325253.js?body=1" for ::1 at 2015-02-17 12:56:26 -0500


Started GET "/assets/articles-fcec5b5a277ac7c20cc9f45a209a3bcd.js?body=1" for ::1 at 2015-02-17 12:56:26 -0500


Started GET "/assets/application-3602cadbcb413bdfcfbb93e84761bd53.js?body=1" for ::1 at 2015-02-17 12:56:26 -0500


Started GET "/assets/welcome-fcec5b5a277ac7c20cc9f45a209a3bcd.js?body=1" for ::1 at 2015-02-17 12:56:26 -0500


Started GET "/articles" for ::1 at 2015-02-17 12:57:02 -0500
Processing by ArticlesController#index as HTML
  [1m[36mArticle Load (0.0ms)[0m  [1mSELECT "articles".* FROM "articles"[0m
  Rendered articles/index.html.erb within layouts/application (4.0ms)
Completed 200 OK in 268ms (Views: 268.0ms | ActiveRecord: 0.0ms)


Started GET "/assets/articles-64e62ddc273c2f5847f30d698ca14b67.css?body=1" for ::1 at 2015-02-17 12:57:02 -0500


Started GET "/assets/application-5266d2988799ecc8fe6e81eaab412e7d.css?body=1" for ::1 at 2015-02-17 12:57:02 -0500


Started GET "/assets/welcome-64e62ddc273c2f5847f30d698ca14b67.css?body=1" for ::1 at 2015-02-17 12:57:02 -0500


Started GET "/assets/jquery-87424c3c19e96d4fb033c10ebe21ec40.js?body=1" for ::1 at 2015-02-17 12:57:02 -0500


Started GET "/assets/articles-fcec5b5a277ac7c20cc9f45a209a3bcd.js?body=1" for ::1 at 2015-02-17 12:57:02 -0500


Started GET "/assets/welcome-fcec5b5a277ac7c20cc9f45a209a3bcd.js?body=1" for ::1 at 2015-02-17 12:57:02 -0500


Started GET "/assets/jquery_ujs-e27bd20a10d28155845a22d71ef94f2f.js?body=1" for ::1 at 2015-02-17 12:57:02 -0500


Started GET "/assets/turbolinks-da8ddad9c2c5483d4c5c30c1ce325253.js?body=1" for ::1 at 2015-02-17 12:57:02 -0500


Started GET "/articles/new" for ::1 at 2015-02-17 12:57:05 -0500
Processing by ArticlesController#new as HTML
Filter chain halted as #<Proc:0x6372438@C:/RailsInstaller/Ruby2.1.0/lib/ruby/gems/2.1.0/gems/actionpack-4.2.0/lib/action_controller/metal/http_authentication.rb:71> rendered or redirected
Completed 401 Unauthorized in 0ms (ActiveRecord: 0.0ms)


Started GET "/articles/new" for ::1 at 2015-02-17 12:57:11 -0500
Processing by ArticlesController#new as HTML
  Rendered articles/_form.html.erb (218.8ms)
  Rendered articles/new.html.erb within layouts/application (328.1ms)
Completed 200 OK in 549ms (Views: 545.2ms | ActiveRecord: 0.0ms)


Started POST "/articles" for ::1 at 2015-02-17 12:57:22 -0500
Processing by ArticlesController#create as HTML
  Parameters: {"utf8"=>"✓", "authenticity_token"=>"hn8zA01m4xGPYO3Tr/zFDiR0bZH654R3gEsiuhsHJzSw2G+b6q7x4PcHUHbumsU4rB2KNfyEz8uKRs+qgi43ng==", "article"=>{"title"=>"Title", "text"=>"Test"}, "commit"=>"Create Article"}
Filter chain halted as #<Proc:0x6372438@C:/RailsInstaller/Ruby2.1.0/lib/ruby/gems/2.1.0/gems/actionpack-4.2.0/lib/action_controller/metal/http_authentication.rb:71> rendered or redirected
Completed 401 Unauthorized in 4ms (ActiveRecord: 0.0ms)


Started POST "/articles" for ::1 at 2015-02-17 12:57:22 -0500
Processing by ArticlesController#create as HTML
  Parameters: {"utf8"=>"✓", "authenticity_token"=>"hn8zA01m4xGPYO3Tr/zFDiR0bZH654R3gEsiuhsHJzSw2G+b6q7x4PcHUHbumsU4rB2KNfyEz8uKRs+qgi43ng==", "article"=>{"title"=>"Title", "text"=>"Test"}, "commit"=>"Create Article"}
  [1m[35m (0.0ms)[0m  begin transaction
  [1m[36mSQL (0.0ms)[0m  [1mINSERT INTO "articles" ("title", "text", "created_at", "updated_at") VALUES (?, ?, ?, ?)[0m  [["title", "Title"], ["text", "Test"], ["created_at", "2015-02-17 17:57:22.386299"], ["updated_at", "2015-02-17 17:57:22.386299"]]
  [1m[35m (80.0ms)[0m  commit transaction
Redirected to http://localhost:3000/articles/5
Completed 302 Found in 120ms (ActiveRecord: 80.0ms)


Started GET "/articles/5" for ::1 at 2015-02-17 12:57:22 -0500
Processing by ArticlesController#show as HTML
  Parameters: {"id"=>"5"}
  [1m[36mArticle Load (0.0ms)[0m  [1mSELECT  "articles".* FROM "articles" WHERE "articles"."id" = ? LIMIT 1[0m  [["id", 5]]
  [1m[35mComment Load (0.0ms)[0m  SELECT "comments".* FROM "comments" WHERE "comments"."article_id" = ?  [["article_id", 5]]
  Rendered collection (0.0ms)
  Rendered comments/_form.html.erb (96.0ms)
  Rendered articles/show.html.erb within layouts/application (360.0ms)
Completed 200 OK in 820ms (Views: 724.0ms | ActiveRecord: 0.0ms)


Started GET "/assets/welcome-64e62ddc273c2f5847f30d698ca14b67.css?body=1" for ::1 at 2015-02-17 12:57:23 -0500


Started GET "/assets/jquery_ujs-e27bd20a10d28155845a22d71ef94f2f.js?body=1" for ::1 at 2015-02-17 12:57:23 -0500


Started GET "/assets/application-5266d2988799ecc8fe6e81eaab412e7d.css?body=1" for ::1 at 2015-02-17 12:57:23 -0500


Started GET "/assets/turbolinks-da8ddad9c2c5483d4c5c30c1ce325253.js?body=1" for ::1 at 2015-02-17 12:57:23 -0500


Started GET "/assets/jquery-87424c3c19e96d4fb033c10ebe21ec40.js?body=1" for ::1 at 2015-02-17 12:57:23 -0500


Started GET "/assets/articles-64e62ddc273c2f5847f30d698ca14b67.css?body=1" for ::1 at 2015-02-17 12:57:23 -0500


Started GET "/assets/articles-fcec5b5a277ac7c20cc9f45a209a3bcd.js?body=1" for ::1 at 2015-02-17 12:57:23 -0500


Started GET "/assets/welcome-fcec5b5a277ac7c20cc9f45a209a3bcd.js?body=1" for ::1 at 2015-02-17 12:57:23 -0500


Started POST "/articles/5/comments" for ::1 at 2015-02-17 12:57:45 -0500
Processing by CommentsController#create as HTML
  Parameters: {"utf8"=>"✓", "authenticity_token"=>"kq2utopsoxjUX5lsfHxiOvniFtplf+6tuKTIEthWI/qkCvIuLaSx6aw4JMk9GmIMcYvxfmMcpRGyqSUCQX8zUA==", "comment"=>{"commenter"=>"This test sucks", "body"=>"Really, really boring blog. "}, "commit"=>"Create Comment", "article_id"=>"5"}
  [1m[36mArticle Load (0.0ms)[0m  [1mSELECT  "articles".* FROM "articles" WHERE "articles"."id" = ? LIMIT 1[0m  [["id", 5]]
Unpermitted parameter: commenter
  [1m[35m (0.0ms)[0m  begin transaction
  [1m[36mSQL (4.0ms)[0m  [1mINSERT INTO "comments" ("body", "article_id", "created_at", "updated_at") VALUES (?, ?, ?, ?)[0m  [["body", "Really, really boring blog. "], ["article_id", 5], ["created_at", "2015-02-17 17:57:45.539317"], ["updated_at", "2015-02-17 17:57:45.539317"]]
  [1m[35m (140.0ms)[0m  commit transaction
Redirected to http://localhost:3000/articles/5
Completed 302 Found in 184ms (ActiveRecord: 144.0ms)


Started GET "/articles/5" for ::1 at 2015-02-17 12:57:45 -0500
Processing by ArticlesController#show as HTML
  Parameters: {"id"=>"5"}
  [1m[36mArticle Load (4.0ms)[0m  [1mSELECT  "articles".* FROM "articles" WHERE "articles"."id" = ? LIMIT 1[0m  [["id", 5]]
  [1m[35mComment Load (0.0ms)[0m  SELECT "comments".* FROM "comments" WHERE "comments"."article_id" = ?  [["article_id", 5]]
  Rendered articles/show.html.erb within layouts/application (72.0ms)
Completed 500 Internal Server Error in 112ms

ActionView::Template::Error (Missing partial comments/_comment with {:locale=>[:en], :formats=>[:html], :variants=>[], :handlers=>[:erb, :builder, :raw, :ruby, :coffee, :jbuilder]}. Searched in:
  * "C:/RailsInstaller/Ruby2.1.0/lib/ruby/gems/2.1.0/gems/web-console-2.0.0/lib/action_dispatch/templates"
  * "C:/Sites/blog/app/views"
):
     9: </p>
    10: 
    11: <h2>Comments</h2>
    12: <%= render @article.comments %>
    13: 
    14: <h2>Add a comment:</h2>
    15: <%= render 'comments/form' %>
  app/views/articles/show.html.erb:12:in `_app_views_articles_show_html_erb___615972236_84392100'


  Rendered C:/RailsInstaller/Ruby2.1.0/lib/ruby/gems/2.1.0/gems/web-console-2.0.0/lib/action_dispatch/templates/rescues/_source.erb (8.0ms)
  Rendered C:/RailsInstaller/Ruby2.1.0/lib/ruby/gems/2.1.0/gems/web-console-2.0.0/lib/action_dispatch/templates/rescues/_trace.html.erb (22.5ms)
  Rendered C:/RailsInstaller/Ruby2.1.0/lib/ruby/gems/2.1.0/gems/web-console-2.0.0/lib/action_dispatch/templates/rescues/_request_and_response.html.erb (4.0ms)
  Rendered C:/RailsInstaller/Ruby2.1.0/lib/ruby/gems/2.1.0/gems/web-console-2.0.0/lib/action_dispatch/templates/rescues/_web_console.html.erb (4.0ms)
  Rendered C:/RailsInstaller/Ruby2.1.0/lib/ruby/gems/2.1.0/gems/web-console-2.0.0/lib/action_dispatch/templates/rescues/template_error.html.erb within rescues/layout (278.6ms)


Started GET "/articles" for ::1 at 2015-02-17 12:58:10 -0500
Processing by ArticlesController#index as HTML
  [1m[36mArticle Load (0.0ms)[0m  [1mSELECT "articles".* FROM "articles"[0m
  Rendered articles/index.html.erb within layouts/application (12.0ms)
Completed 200 OK in 312ms (Views: 312.0ms | ActiveRecord: 0.0ms)


Started GET "/assets/jquery-87424c3c19e96d4fb033c10ebe21ec40.js?body=1" for ::1 at 2015-02-17 12:58:10 -0500


Started GET "/assets/application-5266d2988799ecc8fe6e81eaab412e7d.css?body=1" for ::1 at 2015-02-17 12:58:10 -0500


Started GET "/assets/jquery_ujs-e27bd20a10d28155845a22d71ef94f2f.js?body=1" for ::1 at 2015-02-17 12:58:10 -0500


Started GET "/assets/welcome-64e62ddc273c2f5847f30d698ca14b67.css?body=1" for ::1 at 2015-02-17 12:58:10 -0500


Started GET "/assets/articles-64e62ddc273c2f5847f30d698ca14b67.css?body=1" for ::1 at 2015-02-17 12:58:10 -0500


Started GET "/assets/turbolinks-da8ddad9c2c5483d4c5c30c1ce325253.js?body=1" for ::1 at 2015-02-17 12:58:10 -0500


Started GET "/assets/articles-fcec5b5a277ac7c20cc9f45a209a3bcd.js?body=1" for ::1 at 2015-02-17 12:58:10 -0500


Started GET "/assets/welcome-fcec5b5a277ac7c20cc9f45a209a3bcd.js?body=1" for ::1 at 2015-02-17 12:58:10 -0500


Started DELETE "/articles/2" for ::1 at 2015-02-17 12:58:14 -0500
Processing by ArticlesController#destroy as HTML
  Parameters: {"authenticity_token"=>"v+5t7dWXdGJRVCMHhjMAhoOURg8UG6wl8gZaK85gvmiJSTF1cl9mkykznqLHVQCwC/2hqxJ455n4C7c7V0muwg==", "id"=>"2"}
  [1m[35mArticle Load (0.0ms)[0m  SELECT  "articles".* FROM "articles" WHERE "articles"."id" = ? LIMIT 1  [["id", 2]]
  [1m[36m (4.0ms)[0m  [1mbegin transaction[0m
  [1m[35mComment Load (4.0ms)[0m  SELECT "comments".* FROM "comments" WHERE "comments"."article_id" = ?  [["article_id", 2]]
  [1m[36mSQL (4.0ms)[0m  [1mDELETE FROM "articles" WHERE "articles"."id" = ?[0m  [["id", 2]]
  [1m[35m (156.6ms)[0m  commit transaction
Redirected to http://localhost:3000/articles
Completed 302 Found in 181ms (ActiveRecord: 168.6ms)


Started GET "/articles" for ::1 at 2015-02-17 12:58:15 -0500
Processing by ArticlesController#index as HTML
  [1m[36mArticle Load (0.0ms)[0m  [1mSELECT "articles".* FROM "articles"[0m
  Rendered articles/index.html.erb within layouts/application (8.0ms)
Completed 200 OK in 260ms (Views: 260.0ms | ActiveRecord: 0.0ms)


Started GET "/assets/application-5266d2988799ecc8fe6e81eaab412e7d.css?body=1" for ::1 at 2015-02-17 12:58:15 -0500


Started GET "/assets/jquery-87424c3c19e96d4fb033c10ebe21ec40.js?body=1" for ::1 at 2015-02-17 12:58:15 -0500


Started GET "/assets/welcome-64e62ddc273c2f5847f30d698ca14b67.css?body=1" for ::1 at 2015-02-17 12:58:15 -0500


Started GET "/assets/jquery_ujs-e27bd20a10d28155845a22d71ef94f2f.js?body=1" for ::1 at 2015-02-17 12:58:15 -0500


Started GET "/assets/articles-64e62ddc273c2f5847f30d698ca14b67.css?body=1" for ::1 at 2015-02-17 12:58:15 -0500


Started GET "/assets/turbolinks-da8ddad9c2c5483d4c5c30c1ce325253.js?body=1" for ::1 at 2015-02-17 12:58:15 -0500


Started GET "/assets/articles-fcec5b5a277ac7c20cc9f45a209a3bcd.js?body=1" for ::1 at 2015-02-17 12:58:15 -0500


Started GET "/assets/welcome-fcec5b5a277ac7c20cc9f45a209a3bcd.js?body=1" for ::1 at 2015-02-17 12:58:15 -0500


Started GET "/articles/3" for ::1 at 2015-02-17 12:58:21 -0500
Processing by ArticlesController#show as HTML
  Parameters: {"id"=>"3"}
  [1m[35mArticle Load (0.0ms)[0m  SELECT  "articles".* FROM "articles" WHERE "articles"."id" = ? LIMIT 1  [["id", 3]]
  [1m[36mComment Load (0.0ms)[0m  [1mSELECT "comments".* FROM "comments" WHERE "comments"."article_id" = ?[0m  [["article_id", 3]]
  Rendered collection (0.0ms)
  Rendered comments/_form.html.erb (15.6ms)
  Rendered articles/show.html.erb within layouts/application (31.3ms)
Completed 200 OK in 250ms (Views: 250.0ms | ActiveRecord: 0.0ms)


Started GET "/articles/3/edit" for ::1 at 2015-02-17 12:58:26 -0500
Processing by ArticlesController#edit as HTML
  Parameters: {"id"=>"3"}
  [1m[35mArticle Load (0.0ms)[0m  SELECT  "articles".* FROM "articles" WHERE "articles"."id" = ? LIMIT 1  [["id", 3]]
  Rendered articles/_form.html.erb (0.0ms)
  Rendered articles/edit.html.erb within layouts/application (15.6ms)
Completed 200 OK in 394ms (Views: 378.1ms | ActiveRecord: 0.0ms)


Started PATCH "/articles/3" for ::1 at 2015-02-17 12:58:30 -0500
Processing by ArticlesController#update as HTML
  Parameters: {"utf8"=>"✓", "authenticity_token"=>"K+/NROAQewiL1IEX1SLs95RDicQapAyhPhtNzrSHYyAdSJHcR9hp+fOzPLKUROzBHCpuYBzHRx00FqDeLa5zig==", "article"=>{"title"=>"Test", "text"=>"With New Text 2"}, "commit"=>"Update Article", "id"=>"3"}
  [1m[36mArticle Load (0.0ms)[0m  [1mSELECT  "articles".* FROM "articles" WHERE "articles"."id" = ? LIMIT 1[0m  [["id", 3]]
  [1m[35m (0.0ms)[0m  begin transaction
  [1m[36m (0.0ms)[0m  [1mrollback transaction[0m
  Rendered articles/_form.html.erb (8.0ms)
  Rendered articles/edit.html.erb within layouts/application (24.0ms)
Completed 200 OK in 373ms (Views: 344.0ms | ActiveRecord: 0.0ms)


Started GET "/assets/articles-64e62ddc273c2f5847f30d698ca14b67.css?body=1" for ::1 at 2015-02-17 12:58:30 -0500


Started GET "/assets/turbolinks-da8ddad9c2c5483d4c5c30c1ce325253.js?body=1" for ::1 at 2015-02-17 12:58:30 -0500


Started GET "/assets/jquery-87424c3c19e96d4fb033c10ebe21ec40.js?body=1" for ::1 at 2015-02-17 12:58:30 -0500


Started GET "/assets/application-5266d2988799ecc8fe6e81eaab412e7d.css?body=1" for ::1 at 2015-02-17 12:58:30 -0500


Started GET "/assets/welcome-64e62ddc273c2f5847f30d698ca14b67.css?body=1" for ::1 at 2015-02-17 12:58:30 -0500


Started GET "/assets/jquery_ujs-e27bd20a10d28155845a22d71ef94f2f.js?body=1" for ::1 at 2015-02-17 12:58:30 -0500


Started GET "/assets/articles-fcec5b5a277ac7c20cc9f45a209a3bcd.js?body=1" for ::1 at 2015-02-17 12:58:30 -0500


Started GET "/assets/welcome-fcec5b5a277ac7c20cc9f45a209a3bcd.js?body=1" for ::1 at 2015-02-17 12:58:30 -0500


Started PATCH "/articles/3" for ::1 at 2015-02-17 12:58:48 -0500
Processing by ArticlesController#update as HTML
  Parameters: {"utf8"=>"✓", "authenticity_token"=>"4RN0QOBzPhP2UHs7G+Drrfss9A8FIpq4UjteLTSp0FnXtCjYR7ss4o43xp5ahuubc0UTqwNB0QRYNrM9rYDA8w==", "article"=>{"title"=>"Test Correct Length", "text"=>"With New Text 2"}, "commit"=>"Update Article", "id"=>"3"}
  [1m[35mArticle Load (0.0ms)[0m  SELECT  "articles".* FROM "articles" WHERE "articles"."id" = ? LIMIT 1  [["id", 3]]
  [1m[36m (0.0ms)[0m  [1mbegin transaction[0m
  [1m[35mSQL (0.0ms)[0m  UPDATE "articles" SET "title" = ?, "updated_at" = ? WHERE "articles"."id" = ?  [["title", "Test Correct Length"], ["updated_at", "2015-02-17 17:58:48.585753"], ["id", 3]]
  [1m[36m (168.5ms)[0m  [1mcommit transaction[0m
Redirected to http://localhost:3000/articles/3
Completed 302 Found in 192ms (ActiveRecord: 168.5ms)


Started GET "/articles/3" for ::1 at 2015-02-17 12:58:48 -0500
Processing by ArticlesController#show as HTML
  Parameters: {"id"=>"3"}
  [1m[35mArticle Load (4.0ms)[0m  SELECT  "articles".* FROM "articles" WHERE "articles"."id" = ? LIMIT 1  [["id", 3]]
  [1m[36mComment Load (0.0ms)[0m  [1mSELECT "comments".* FROM "comments" WHERE "comments"."article_id" = ?[0m  [["article_id", 3]]
  Rendered collection (0.0ms)
  Rendered comments/_form.html.erb (8.0ms)
  Rendered articles/show.html.erb within layouts/application (28.0ms)
Completed 200 OK in 495ms (Views: 478.6ms | ActiveRecord: 4.0ms)


Started GET "/assets/welcome-64e62ddc273c2f5847f30d698ca14b67.css?body=1" for ::1 at 2015-02-17 12:58:49 -0500


Started GET "/assets/application-5266d2988799ecc8fe6e81eaab412e7d.css?body=1" for ::1 at 2015-02-17 12:58:49 -0500


Started GET "/assets/jquery_ujs-e27bd20a10d28155845a22d71ef94f2f.js?body=1" for ::1 at 2015-02-17 12:58:49 -0500


Started GET "/assets/turbolinks-da8ddad9c2c5483d4c5c30c1ce325253.js?body=1" for ::1 at 2015-02-17 12:58:49 -0500


Started GET "/assets/jquery-87424c3c19e96d4fb033c10ebe21ec40.js?body=1" for ::1 at 2015-02-17 12:58:49 -0500


Started GET "/assets/articles-64e62ddc273c2f5847f30d698ca14b67.css?body=1" for ::1 at 2015-02-17 12:58:49 -0500


Started GET "/assets/articles-fcec5b5a277ac7c20cc9f45a209a3bcd.js?body=1" for ::1 at 2015-02-17 12:58:49 -0500


Started GET "/assets/welcome-fcec5b5a277ac7c20cc9f45a209a3bcd.js?body=1" for ::1 at 2015-02-17 12:58:49 -0500


Started POST "/articles/3/comments" for ::1 at 2015-02-17 12:58:50 -0500
Processing by CommentsController#create as HTML
  Parameters: {"utf8"=>"✓", "authenticity_token"=>"rx79/MtBcTZWK/8ZRVU+5mVBA06AjNhJCz/nPIwC96yZuaFkbIljxy5MQrwEMz7Q7Sjk6obvk/UBMgosFSvnBg==", "comment"=>{"commenter"=>"", "body"=>""}, "commit"=>"Create Comment", "article_id"=>"3"}
  [1m[35mArticle Load (4.0ms)[0m  SELECT  "articles".* FROM "articles" WHERE "articles"."id" = ? LIMIT 1  [["id", 3]]
Unpermitted parameter: commenter
  [1m[36m (0.0ms)[0m  [1mbegin transaction[0m
  [1m[35mSQL (4.0ms)[0m  INSERT INTO "comments" ("body", "article_id", "created_at", "updated_at") VALUES (?, ?, ?, ?)  [["body", ""], ["article_id", 3], ["created_at", "2015-02-17 17:58:50.275296"], ["updated_at", "2015-02-17 17:58:50.275296"]]
  [1m[36m (152.0ms)[0m  [1mcommit transaction[0m
Redirected to http://localhost:3000/articles/3
Completed 302 Found in 188ms (ActiveRecord: 160.0ms)


Started GET "/articles/3" for ::1 at 2015-02-17 12:58:50 -0500
Processing by ArticlesController#show as HTML
  Parameters: {"id"=>"3"}
  [1m[35mArticle Load (0.0ms)[0m  SELECT  "articles".* FROM "articles" WHERE "articles"."id" = ? LIMIT 1  [["id", 3]]
  [1m[36mComment Load (0.0ms)[0m  [1mSELECT "comments".* FROM "comments" WHERE "comments"."article_id" = ?[0m  [["article_id", 3]]
  Rendered articles/show.html.erb within layouts/application (28.0ms)
Completed 500 Internal Server Error in 72ms

ActionView::Template::Error (Missing partial comments/_comment with {:locale=>[:en], :formats=>[:html], :variants=>[], :handlers=>[:erb, :builder, :raw, :ruby, :coffee, :jbuilder]}. Searched in:
  * "C:/RailsInstaller/Ruby2.1.0/lib/ruby/gems/2.1.0/gems/web-console-2.0.0/lib/action_dispatch/templates"
  * "C:/Sites/blog/app/views"
):
     9: </p>
    10: 
    11: <h2>Comments</h2>
    12: <%= render @article.comments %>
    13: 
    14: <h2>Add a comment:</h2>
    15: <%= render 'comments/form' %>
  app/views/articles/show.html.erb:12:in `_app_views_articles_show_html_erb___615972236_84392100'


  Rendered C:/RailsInstaller/Ruby2.1.0/lib/ruby/gems/2.1.0/gems/web-console-2.0.0/lib/action_dispatch/templates/rescues/_source.erb (8.0ms)
  Rendered C:/RailsInstaller/Ruby2.1.0/lib/ruby/gems/2.1.0/gems/web-console-2.0.0/lib/action_dispatch/templates/rescues/_trace.html.erb (12.1ms)
  Rendered C:/RailsInstaller/Ruby2.1.0/lib/ruby/gems/2.1.0/gems/web-console-2.0.0/lib/action_dispatch/templates/rescues/_request_and_response.html.erb (4.0ms)
  Rendered C:/RailsInstaller/Ruby2.1.0/lib/ruby/gems/2.1.0/gems/web-console-2.0.0/lib/action_dispatch/templates/rescues/_web_console.html.erb (4.0ms)
  Rendered C:/RailsInstaller/Ruby2.1.0/lib/ruby/gems/2.1.0/gems/web-console-2.0.0/lib/action_dispatch/templates/rescues/template_error.html.erb within rescues/layout (188.2ms)


Started GET "/articles/new" for ::1 at 2015-02-17 13:19:08 -0500
  [1m[36mActiveRecord::SchemaMigration Load (0.0ms)[0m  [1mSELECT "schema_migrations".* FROM "schema_migrations"[0m
Processing by ArticlesController#new as HTML
  Rendered articles/_form.html.erb (144.0ms)
  Rendered articles/new.html.erb within layouts/application (192.0ms)
Completed 200 OK in 1348ms (Views: 1140.1ms | ActiveRecord: 8.0ms)


Started GET "/assets/application-5266d2988799ecc8fe6e81eaab412e7d.css?body=1" for ::1 at 2015-02-17 13:19:11 -0500


Started GET "/assets/articles-64e62ddc273c2f5847f30d698ca14b67.css?body=1" for ::1 at 2015-02-17 13:19:11 -0500


Started GET "/assets/jquery-87424c3c19e96d4fb033c10ebe21ec40.js?body=1" for ::1 at 2015-02-17 13:19:11 -0500


Started GET "/assets/welcome-64e62ddc273c2f5847f30d698ca14b67.css?body=1" for ::1 at 2015-02-17 13:19:11 -0500


Started GET "/assets/jquery_ujs-e27bd20a10d28155845a22d71ef94f2f.js?body=1" for ::1 at 2015-02-17 13:19:11 -0500


Started GET "/assets/turbolinks-da8ddad9c2c5483d4c5c30c1ce325253.js?body=1" for ::1 at 2015-02-17 13:19:11 -0500


Started GET "/assets/articles-fcec5b5a277ac7c20cc9f45a209a3bcd.js?body=1" for ::1 at 2015-02-17 13:19:11 -0500


Started GET "/assets/welcome-fcec5b5a277ac7c20cc9f45a209a3bcd.js?body=1" for ::1 at 2015-02-17 13:19:12 -0500
