  [1m[36m (273.1ms)[0m  [1mCREATE TABLE "schema_migrations" ("version" varchar NOT NULL) [0m
  [1m[35m (0.0ms)[0m  select sqlite_version(*)
  [1m[36m (271.8ms)[0m  [1mCREATE UNIQUE INDEX "unique_schema_migrations" ON "schema_migrations" ("version")[0m
  [1m[35mActiveRecord::SchemaMigration Load (0.0ms)[0m  SELECT "schema_migrations".* FROM "schema_migrations"
Migrating to CreateUsers (20150222231808)
  [1m[36m (0.0ms)[0m  [1mbegin transaction[0m
  [1m[35m (0.0ms)[0m  rollback transaction


Started GET "/" for ::1 at 2015-02-23 12:14:11 -0500
  [1m[36mActiveRecord::SchemaMigration Load (1.0ms)[0m  [1mSELECT "schema_migrations".* FROM "schema_migrations"[0m

ActiveRecord::PendingMigrationError (

Migrations are pending. To resolve this issue, run:

	bin/rake db:migrate RAILS_ENV=development

):
  activerecord (4.2.0) lib/active_record/migration.rb:393:in `check_pending!'
  activerecord (4.2.0) lib/active_record/migration.rb:374:in `call'
  actionpack (4.2.0) lib/action_dispatch/middleware/callbacks.rb:29:in `block in call'
  activesupport (4.2.0) lib/active_support/callbacks.rb:88:in `call'
  activesupport (4.2.0) lib/active_support/callbacks.rb:88:in `_run_callbacks'
  activesupport (4.2.0) lib/active_support/callbacks.rb:734:in `_run_call_callbacks'
  activesupport (4.2.0) lib/active_support/callbacks.rb:81:in `run_callbacks'
  actionpack (4.2.0) lib/action_dispatch/middleware/callbacks.rb:27:in `call'
  actionpack (4.2.0) lib/action_dispatch/middleware/reloader.rb:73:in `call'
  actionpack (4.2.0) lib/action_dispatch/middleware/remote_ip.rb:78:in `call'
  web-console (2.0.0) lib/action_dispatch/debug_exceptions.rb:18:in `middleware_call'
  web-console (2.0.0) lib/action_dispatch/debug_exceptions.rb:13:in `call'
  actionpack (4.2.0) lib/action_dispatch/middleware/show_exceptions.rb:30:in `call'
  railties (4.2.0) lib/rails/rack/logger.rb:38:in `call_app'
  railties (4.2.0) lib/rails/rack/logger.rb:20:in `block in call'
  activesupport (4.2.0) lib/active_support/tagged_logging.rb:68:in `block in tagged'
  activesupport (4.2.0) lib/active_support/tagged_logging.rb:26:in `tagged'
  activesupport (4.2.0) lib/active_support/tagged_logging.rb:68:in `tagged'
  railties (4.2.0) lib/rails/rack/logger.rb:20:in `call'
  actionpack (4.2.0) lib/action_dispatch/middleware/request_id.rb:21:in `call'
  rack (1.6.0) lib/rack/methodoverride.rb:22:in `call'
  rack (1.6.0) lib/rack/runtime.rb:18:in `call'
  activesupport (4.2.0) lib/active_support/cache/strategy/local_cache_middleware.rb:28:in `call'
  rack (1.6.0) lib/rack/lock.rb:17:in `call'
  actionpack (4.2.0) lib/action_dispatch/middleware/static.rb:113:in `call'
  rack (1.6.0) lib/rack/sendfile.rb:113:in `call'
  railties (4.2.0) lib/rails/engine.rb:518:in `call'
  railties (4.2.0) lib/rails/application.rb:164:in `call'
  rack (1.6.0) lib/rack/lock.rb:17:in `call'
  rack (1.6.0) lib/rack/content_length.rb:15:in `call'
  rack (1.6.0) lib/rack/handler/webrick.rb:89:in `service'
  C:/RailsInstaller/Ruby2.1.0/lib/ruby/2.1.0/webrick/httpserver.rb:138:in `service'
  C:/RailsInstaller/Ruby2.1.0/lib/ruby/2.1.0/webrick/httpserver.rb:94:in `run'
  C:/RailsInstaller/Ruby2.1.0/lib/ruby/2.1.0/webrick/server.rb:295:in `block in start_thread'


  Rendered C:/RailsInstaller/Ruby2.1.0/lib/ruby/gems/2.1.0/gems/web-console-2.0.0/lib/action_dispatch/templates/rescues/_source.erb (3.0ms)
  Rendered C:/RailsInstaller/Ruby2.1.0/lib/ruby/gems/2.1.0/gems/web-console-2.0.0/lib/action_dispatch/templates/rescues/_trace.html.erb (6.0ms)
  Rendered C:/RailsInstaller/Ruby2.1.0/lib/ruby/gems/2.1.0/gems/web-console-2.0.0/lib/action_dispatch/templates/rescues/_request_and_response.html.erb (3.0ms)
  Rendered C:/RailsInstaller/Ruby2.1.0/lib/ruby/gems/2.1.0/gems/web-console-2.0.0/lib/action_dispatch/templates/rescues/_web_console.html.erb (3.0ms)
  Rendered C:/RailsInstaller/Ruby2.1.0/lib/ruby/gems/2.1.0/gems/web-console-2.0.0/lib/action_dispatch/templates/rescues/diagnostics.html.erb within rescues/layout (153.1ms)


Started GET "/" for ::1 at 2015-02-23 12:14:17 -0500
  [1m[35mActiveRecord::SchemaMigration Load (0.0ms)[0m  SELECT "schema_migrations".* FROM "schema_migrations"

ActiveRecord::PendingMigrationError (

Migrations are pending. To resolve this issue, run:

	bin/rake db:migrate RAILS_ENV=development

):
  activerecord (4.2.0) lib/active_record/migration.rb:393:in `check_pending!'
  activerecord (4.2.0) lib/active_record/migration.rb:374:in `call'
  actionpack (4.2.0) lib/action_dispatch/middleware/callbacks.rb:29:in `block in call'
  activesupport (4.2.0) lib/active_support/callbacks.rb:88:in `call'
  activesupport (4.2.0) lib/active_support/callbacks.rb:88:in `_run_callbacks'
  activesupport (4.2.0) lib/active_support/callbacks.rb:734:in `_run_call_callbacks'
  activesupport (4.2.0) lib/active_support/callbacks.rb:81:in `run_callbacks'
  actionpack (4.2.0) lib/action_dispatch/middleware/callbacks.rb:27:in `call'
  actionpack (4.2.0) lib/action_dispatch/middleware/reloader.rb:73:in `call'
  actionpack (4.2.0) lib/action_dispatch/middleware/remote_ip.rb:78:in `call'
  web-console (2.0.0) lib/action_dispatch/debug_exceptions.rb:18:in `middleware_call'
  web-console (2.0.0) lib/action_dispatch/debug_exceptions.rb:13:in `call'
  actionpack (4.2.0) lib/action_dispatch/middleware/show_exceptions.rb:30:in `call'
  railties (4.2.0) lib/rails/rack/logger.rb:38:in `call_app'
  railties (4.2.0) lib/rails/rack/logger.rb:20:in `block in call'
  activesupport (4.2.0) lib/active_support/tagged_logging.rb:68:in `block in tagged'
  activesupport (4.2.0) lib/active_support/tagged_logging.rb:26:in `tagged'
  activesupport (4.2.0) lib/active_support/tagged_logging.rb:68:in `tagged'
  railties (4.2.0) lib/rails/rack/logger.rb:20:in `call'
  actionpack (4.2.0) lib/action_dispatch/middleware/request_id.rb:21:in `call'
  rack (1.6.0) lib/rack/methodoverride.rb:22:in `call'
  rack (1.6.0) lib/rack/runtime.rb:18:in `call'
  activesupport (4.2.0) lib/active_support/cache/strategy/local_cache_middleware.rb:28:in `call'
  rack (1.6.0) lib/rack/lock.rb:17:in `call'
  actionpack (4.2.0) lib/action_dispatch/middleware/static.rb:113:in `call'
  rack (1.6.0) lib/rack/sendfile.rb:113:in `call'
  railties (4.2.0) lib/rails/engine.rb:518:in `call'
  railties (4.2.0) lib/rails/application.rb:164:in `call'
  rack (1.6.0) lib/rack/lock.rb:17:in `call'
  rack (1.6.0) lib/rack/content_length.rb:15:in `call'
  rack (1.6.0) lib/rack/handler/webrick.rb:89:in `service'
  C:/RailsInstaller/Ruby2.1.0/lib/ruby/2.1.0/webrick/httpserver.rb:138:in `service'
  C:/RailsInstaller/Ruby2.1.0/lib/ruby/2.1.0/webrick/httpserver.rb:94:in `run'
  C:/RailsInstaller/Ruby2.1.0/lib/ruby/2.1.0/webrick/server.rb:295:in `block in start_thread'


  Rendered C:/RailsInstaller/Ruby2.1.0/lib/ruby/gems/2.1.0/gems/web-console-2.0.0/lib/action_dispatch/templates/rescues/_source.erb (3.0ms)
  Rendered C:/RailsInstaller/Ruby2.1.0/lib/ruby/gems/2.1.0/gems/web-console-2.0.0/lib/action_dispatch/templates/rescues/_trace.html.erb (6.0ms)
  Rendered C:/RailsInstaller/Ruby2.1.0/lib/ruby/gems/2.1.0/gems/web-console-2.0.0/lib/action_dispatch/templates/rescues/_request_and_response.html.erb (3.0ms)
  Rendered C:/RailsInstaller/Ruby2.1.0/lib/ruby/gems/2.1.0/gems/web-console-2.0.0/lib/action_dispatch/templates/rescues/_web_console.html.erb (3.0ms)
  Rendered C:/RailsInstaller/Ruby2.1.0/lib/ruby/gems/2.1.0/gems/web-console-2.0.0/lib/action_dispatch/templates/rescues/diagnostics.html.erb within rescues/layout (196.1ms)
  [1m[36mActiveRecord::SchemaMigration Load (0.0ms)[0m  [1mSELECT "schema_migrations".* FROM "schema_migrations"[0m
Migrating to CreateUsers (20150222231808)
  [1m[35m (0.0ms)[0m  begin transaction
  [1m[36m (0.0ms)[0m  [1mrollback transaction[0m
  [1m[36mActiveRecord::SchemaMigration Load (0.0ms)[0m  [1mSELECT "schema_migrations".* FROM "schema_migrations"[0m
Migrating to CreateUsers (20150222231808)
  [1m[35m (0.0ms)[0m  begin transaction
  [1m[36m (0.0ms)[0m  [1mCREATE TABLE "users" ("id" INTEGER PRIMARY KEY AUTOINCREMENT NOT NULL, "name" varchar, "email" varchar, "created_at" datetime NOT NULL, "updated_at" datetime NOT NULL) [0m
  [1m[35mSQL (0.0ms)[0m  INSERT INTO "schema_migrations" ("version") VALUES (?)  [["version", "20150222231808"]]
  [1m[36m (171.9ms)[0m  [1mcommit transaction[0m
  [1m[35mActiveRecord::SchemaMigration Load (0.0ms)[0m  SELECT "schema_migrations".* FROM "schema_migrations"


Started GET "/" for ::1 at 2015-02-23 12:18:33 -0500
  [1m[36mActiveRecord::SchemaMigration Load (0.0ms)[0m  [1mSELECT "schema_migrations".* FROM "schema_migrations"[0m
Processing by Rails::WelcomeController#index as HTML
  Rendered C:/RailsInstaller/Ruby2.1.0/lib/ruby/gems/2.1.0/gems/railties-4.2.0/lib/rails/templates/rails/welcome/index.html.erb (4.0ms)
Completed 200 OK in 140ms (Views: 76.1ms | ActiveRecord: 0.0ms)


Started GET "/users" for ::1 at 2015-02-23 12:19:53 -0500

SyntaxError (C:/Sites/blogger/toy_app/app/controllers/users_controller.rb:72: syntax error, unexpected ';', expecting ')'
      params.require(:user).permit(:name;string, :email)
                                         ^
C:/Sites/blogger/toy_app/app/controllers/users_controller.rb:72: syntax error, unexpected ')', expecting :: or '[' or '.'):
  app/controllers/users_controller.rb:72: syntax error, unexpected ';', expecting ')'
  app/controllers/users_controller.rb:72: syntax error, unexpected ')', expecting :: or '[' or '.'


  Rendered C:/RailsInstaller/Ruby2.1.0/lib/ruby/gems/2.1.0/gems/web-console-2.0.0/lib/action_dispatch/templates/rescues/_source.erb (4.0ms)
  Rendered C:/RailsInstaller/Ruby2.1.0/lib/ruby/gems/2.1.0/gems/web-console-2.0.0/lib/action_dispatch/templates/rescues/_trace.html.erb (9.0ms)
  Rendered C:/RailsInstaller/Ruby2.1.0/lib/ruby/gems/2.1.0/gems/web-console-2.0.0/lib/action_dispatch/templates/rescues/_request_and_response.html.erb (3.0ms)
  Rendered C:/RailsInstaller/Ruby2.1.0/lib/ruby/gems/2.1.0/gems/web-console-2.0.0/lib/action_dispatch/templates/rescues/_web_console.html.erb (3.0ms)
  Rendered C:/RailsInstaller/Ruby2.1.0/lib/ruby/gems/2.1.0/gems/web-console-2.0.0/lib/action_dispatch/templates/rescues/diagnostics.html.erb within rescues/layout (153.1ms)


Started GET "/user" for ::1 at 2015-02-23 12:20:00 -0500

ActionController::RoutingError (No route matches [GET] "/user"):
  web-console (2.0.0) lib/action_dispatch/debug_exceptions.rb:22:in `middleware_call'
  web-console (2.0.0) lib/action_dispatch/debug_exceptions.rb:13:in `call'
  actionpack (4.2.0) lib/action_dispatch/middleware/show_exceptions.rb:30:in `call'
  railties (4.2.0) lib/rails/rack/logger.rb:38:in `call_app'
  railties (4.2.0) lib/rails/rack/logger.rb:20:in `block in call'
  activesupport (4.2.0) lib/active_support/tagged_logging.rb:68:in `block in tagged'
  activesupport (4.2.0) lib/active_support/tagged_logging.rb:26:in `tagged'
  activesupport (4.2.0) lib/active_support/tagged_logging.rb:68:in `tagged'
  railties (4.2.0) lib/rails/rack/logger.rb:20:in `call'
  actionpack (4.2.0) lib/action_dispatch/middleware/request_id.rb:21:in `call'
  rack (1.6.0) lib/rack/methodoverride.rb:22:in `call'
  rack (1.6.0) lib/rack/runtime.rb:18:in `call'
  activesupport (4.2.0) lib/active_support/cache/strategy/local_cache_middleware.rb:28:in `call'
  rack (1.6.0) lib/rack/lock.rb:17:in `call'
  actionpack (4.2.0) lib/action_dispatch/middleware/static.rb:113:in `call'
  rack (1.6.0) lib/rack/sendfile.rb:113:in `call'
  railties (4.2.0) lib/rails/engine.rb:518:in `call'
  railties (4.2.0) lib/rails/application.rb:164:in `call'
  rack (1.6.0) lib/rack/lock.rb:17:in `call'
  rack (1.6.0) lib/rack/content_length.rb:15:in `call'
  rack (1.6.0) lib/rack/handler/webrick.rb:89:in `service'
  C:/RailsInstaller/Ruby2.1.0/lib/ruby/2.1.0/webrick/httpserver.rb:138:in `service'
  C:/RailsInstaller/Ruby2.1.0/lib/ruby/2.1.0/webrick/httpserver.rb:94:in `run'
  C:/RailsInstaller/Ruby2.1.0/lib/ruby/2.1.0/webrick/server.rb:295:in `block in start_thread'


  Rendered C:/RailsInstaller/Ruby2.1.0/lib/ruby/gems/2.1.0/gems/web-console-2.0.0/lib/action_dispatch/templates/rescues/_trace.html.erb (9.0ms)
  Rendered C:/RailsInstaller/Ruby2.1.0/lib/ruby/gems/2.1.0/gems/web-console-2.0.0/lib/action_dispatch/templates/routes/_route.html.erb (4.0ms)
  Rendered C:/RailsInstaller/Ruby2.1.0/lib/ruby/gems/2.1.0/gems/web-console-2.0.0/lib/action_dispatch/templates/routes/_table.html.erb (65.0ms)
  Rendered C:/RailsInstaller/Ruby2.1.0/lib/ruby/gems/2.1.0/gems/web-console-2.0.0/lib/action_dispatch/templates/rescues/_request_and_response.html.erb (4.0ms)
  Rendered C:/RailsInstaller/Ruby2.1.0/lib/ruby/gems/2.1.0/gems/web-console-2.0.0/lib/action_dispatch/templates/rescues/_web_console.html.erb (3.0ms)
  Rendered C:/RailsInstaller/Ruby2.1.0/lib/ruby/gems/2.1.0/gems/web-console-2.0.0/lib/action_dispatch/templates/rescues/routing_error.html.erb within rescues/layout (331.3ms)


Started GET "/users" for ::1 at 2015-02-23 12:20:17 -0500

SyntaxError (C:/Sites/blogger/toy_app/app/controllers/users_controller.rb:72: syntax error, unexpected ';', expecting ')'
      params.require(:user).permit(:name;string, :email)
                                         ^
C:/Sites/blogger/toy_app/app/controllers/users_controller.rb:72: syntax error, unexpected ')', expecting :: or '[' or '.'):
  app/controllers/users_controller.rb:72: syntax error, unexpected ';', expecting ')'
  app/controllers/users_controller.rb:72: syntax error, unexpected ')', expecting :: or '[' or '.'


  Rendered C:/RailsInstaller/Ruby2.1.0/lib/ruby/gems/2.1.0/gems/web-console-2.0.0/lib/action_dispatch/templates/rescues/_source.erb (5.0ms)
  Rendered C:/RailsInstaller/Ruby2.1.0/lib/ruby/gems/2.1.0/gems/web-console-2.0.0/lib/action_dispatch/templates/rescues/_trace.html.erb (14.0ms)
  Rendered C:/RailsInstaller/Ruby2.1.0/lib/ruby/gems/2.1.0/gems/web-console-2.0.0/lib/action_dispatch/templates/rescues/_request_and_response.html.erb (3.0ms)
  Rendered C:/RailsInstaller/Ruby2.1.0/lib/ruby/gems/2.1.0/gems/web-console-2.0.0/lib/action_dispatch/templates/rescues/_web_console.html.erb (5.0ms)
  Rendered C:/RailsInstaller/Ruby2.1.0/lib/ruby/gems/2.1.0/gems/web-console-2.0.0/lib/action_dispatch/templates/rescues/diagnostics.html.erb within rescues/layout (175.1ms)


Started GET "/users" for ::1 at 2015-02-23 12:22:06 -0500
Processing by UsersController#index as HTML
  [1m[35mUser Load (2.0ms)[0m  SELECT "users".* FROM "users"
  Rendered users/index.html.erb within layouts/application (8.0ms)
Completed 200 OK in 2600ms (Views: 2589.1ms | ActiveRecord: 2.0ms)


Started GET "/assets/scaffolds-ba7c84f448cd261839779e1712c0e4e7.css?body=1" for ::1 at 2015-02-23 12:22:09 -0500


Started GET "/assets/users-64e62ddc273c2f5847f30d698ca14b67.css?body=1" for ::1 at 2015-02-23 12:22:09 -0500


Started GET "/assets/users-fcec5b5a277ac7c20cc9f45a209a3bcd.js?body=1" for ::1 at 2015-02-23 12:22:09 -0500


Started GET "/assets/application-13917518ba3a6f6eccc67bf79d85a186.css?body=1" for ::1 at 2015-02-23 12:22:09 -0500


Started GET "/assets/application-001948a807d6467a657420955d9f0c1c.js?body=1" for ::1 at 2015-02-23 12:22:09 -0500


Started GET "/assets/jquery-87424c3c19e96d4fb033c10ebe21ec40.js?body=1" for ::1 at 2015-02-23 12:22:09 -0500


Started GET "/assets/turbolinks-f87b3583ca50adb0488b031297f5580d.js?body=1" for ::1 at 2015-02-23 12:22:09 -0500


Started GET "/assets/jquery_ujs-e27bd20a10d28155845a22d71ef94f2f.js?body=1" for ::1 at 2015-02-23 12:22:09 -0500


Started GET "/users" for ::1 at 2015-02-23 12:22:32 -0500
Processing by UsersController#index as HTML
  [1m[36mUser Load (1.0ms)[0m  [1mSELECT "users".* FROM "users"[0m
  Rendered users/index.html.erb within layouts/application (7.0ms)
Completed 200 OK in 264ms (Views: 261.2ms | ActiveRecord: 1.0ms)


Started GET "/assets/scaffolds-ba7c84f448cd261839779e1712c0e4e7.css?body=1" for ::1 at 2015-02-23 12:22:33 -0500


Started GET "/assets/users-64e62ddc273c2f5847f30d698ca14b67.css?body=1" for ::1 at 2015-02-23 12:22:33 -0500


Started GET "/assets/application-13917518ba3a6f6eccc67bf79d85a186.css?body=1" for ::1 at 2015-02-23 12:22:33 -0500


Started GET "/assets/jquery-87424c3c19e96d4fb033c10ebe21ec40.js?body=1" for ::1 at 2015-02-23 12:22:33 -0500


Started GET "/assets/jquery_ujs-e27bd20a10d28155845a22d71ef94f2f.js?body=1" for ::1 at 2015-02-23 12:22:33 -0500


Started GET "/assets/turbolinks-f87b3583ca50adb0488b031297f5580d.js?body=1" for ::1 at 2015-02-23 12:22:33 -0500


Started GET "/assets/users-fcec5b5a277ac7c20cc9f45a209a3bcd.js?body=1" for ::1 at 2015-02-23 12:22:33 -0500


Started GET "/assets/application-001948a807d6467a657420955d9f0c1c.js?body=1" for ::1 at 2015-02-23 12:22:33 -0500


Started GET "/users/new" for ::1 at 2015-02-23 12:23:08 -0500
Processing by UsersController#new as HTML
  Rendered users/_form.html.erb (178.1ms)
  Rendered users/new.html.erb within layouts/application (188.1ms)
Completed 500 Internal Server Error in 242ms

ActionView::Template::Error (undefined local variable or method `string' for #<#<Class:0x8eebca0>:0x7912d40>):
    12:   <% end %>
    13: 
    14:   <div class="field">
    15:     <%= f.label :name;string %><br>
    16:     <%= f.text_field :name;string %>
    17:   </div>
    18:   <div class="field">
  app/views/users/_form.html.erb:15:in `block in _app_views_users__form_html_erb__637301848_63489480'
  app/views/users/_form.html.erb:1:in `_app_views_users__form_html_erb__637301848_63489480'
  app/views/users/new.html.erb:3:in `_app_views_users_new_html_erb__410028442_63474840'


  Rendered C:/RailsInstaller/Ruby2.1.0/lib/ruby/gems/2.1.0/gems/web-console-2.0.0/lib/action_dispatch/templates/rescues/_source.erb (8.0ms)
  Rendered C:/RailsInstaller/Ruby2.1.0/lib/ruby/gems/2.1.0/gems/web-console-2.0.0/lib/action_dispatch/templates/rescues/_trace.html.erb (13.0ms)
  Rendered C:/RailsInstaller/Ruby2.1.0/lib/ruby/gems/2.1.0/gems/web-console-2.0.0/lib/action_dispatch/templates/rescues/_request_and_response.html.erb (3.0ms)
  Rendered C:/RailsInstaller/Ruby2.1.0/lib/ruby/gems/2.1.0/gems/web-console-2.0.0/lib/action_dispatch/templates/rescues/_web_console.html.erb (3.0ms)
  Rendered C:/RailsInstaller/Ruby2.1.0/lib/ruby/gems/2.1.0/gems/web-console-2.0.0/lib/action_dispatch/templates/rescues/template_error.html.erb within rescues/layout (159.1ms)


Started GET "/users/new" for ::1 at 2015-02-23 12:23:30 -0500
Processing by UsersController#new as HTML
  Rendered users/_form.html.erb (43.1ms)
  Rendered users/new.html.erb within layouts/application (51.1ms)
Completed 500 Internal Server Error in 74ms

ActionView::Template::Error (undefined local variable or method `string' for #<#<Class:0x8eebca0>:0x44d0d20>):
    13: 
    14:   <div class="field">
    15:     <%= f.label :name %><br>
    16:     <%= f.text_field :name;string %>
    17:   </div>
    18:   <div class="field">
    19:     <%= f.label :email %><br>
  app/views/users/_form.html.erb:16:in `block in _app_views_users__form_html_erb__637301848_35783532'
  app/views/users/_form.html.erb:1:in `_app_views_users__form_html_erb__637301848_35783532'
  app/views/users/new.html.erb:3:in `_app_views_users_new_html_erb__410028442_63474840'


  Rendered C:/RailsInstaller/Ruby2.1.0/lib/ruby/gems/2.1.0/gems/web-console-2.0.0/lib/action_dispatch/templates/rescues/_source.erb (8.0ms)
  Rendered C:/RailsInstaller/Ruby2.1.0/lib/ruby/gems/2.1.0/gems/web-console-2.0.0/lib/action_dispatch/templates/rescues/_trace.html.erb (15.0ms)
  Rendered C:/RailsInstaller/Ruby2.1.0/lib/ruby/gems/2.1.0/gems/web-console-2.0.0/lib/action_dispatch/templates/rescues/_request_and_response.html.erb (4.0ms)
  Rendered C:/RailsInstaller/Ruby2.1.0/lib/ruby/gems/2.1.0/gems/web-console-2.0.0/lib/action_dispatch/templates/rescues/_web_console.html.erb (3.0ms)
  Rendered C:/RailsInstaller/Ruby2.1.0/lib/ruby/gems/2.1.0/gems/web-console-2.0.0/lib/action_dispatch/templates/rescues/template_error.html.erb within rescues/layout (167.1ms)


Started GET "/users/new" for ::1 at 2015-02-23 12:23:45 -0500
Processing by UsersController#new as HTML
  Rendered users/_form.html.erb (11.0ms)
  Rendered users/new.html.erb within layouts/application (27.0ms)
Completed 200 OK in 323ms (Views: 320.2ms | ActiveRecord: 0.0ms)


Started GET "/assets/scaffolds-ba7c84f448cd261839779e1712c0e4e7.css?body=1" for ::1 at 2015-02-23 12:23:45 -0500


Started GET "/assets/jquery_ujs-e27bd20a10d28155845a22d71ef94f2f.js?body=1" for ::1 at 2015-02-23 12:23:45 -0500


Started GET "/assets/application-13917518ba3a6f6eccc67bf79d85a186.css?body=1" for ::1 at 2015-02-23 12:23:45 -0500


Started GET "/assets/jquery-87424c3c19e96d4fb033c10ebe21ec40.js?body=1" for ::1 at 2015-02-23 12:23:45 -0500


Started GET "/assets/users-64e62ddc273c2f5847f30d698ca14b67.css?body=1" for ::1 at 2015-02-23 12:23:45 -0500


Started GET "/assets/users-fcec5b5a277ac7c20cc9f45a209a3bcd.js?body=1" for ::1 at 2015-02-23 12:23:45 -0500


Started GET "/assets/turbolinks-f87b3583ca50adb0488b031297f5580d.js?body=1" for ::1 at 2015-02-23 12:23:45 -0500


Started GET "/assets/application-001948a807d6467a657420955d9f0c1c.js?body=1" for ::1 at 2015-02-23 12:23:45 -0500


Started POST "/users" for ::1 at 2015-02-23 12:24:24 -0500
Processing by UsersController#create as HTML
  Parameters: {"utf8"=>"✓", "authenticity_token"=>"ggn/QcbpTCuGnVhgmGtdmsXcUlm2E1i+Zj+/4ghlBvay5tQIFcuc0YmDUpyPH/gSxmgof+lHtxCYVXDj7WOF9A==", "user"=>{"name"=>"Chris", "email"=>"test@test.com"}, "commit"=>"Create User"}
  [1m[35m (1.0ms)[0m  begin transaction
  [1m[36mSQL (2.0ms)[0m  [1mINSERT INTO "users" ("name", "email", "created_at", "updated_at") VALUES (?, ?, ?, ?)[0m  [["name", "Chris"], ["email", "test@test.com"], ["created_at", "2015-02-23 17:24:24.103237"], ["updated_at", "2015-02-23 17:24:24.103237"]]
  [1m[35m (180.3ms)[0m  commit transaction
Redirected to http://localhost:3000/users/1
Completed 302 Found in 211ms (ActiveRecord: 183.3ms)


Started GET "/users/1" for ::1 at 2015-02-23 12:24:24 -0500
Processing by UsersController#show as HTML
  Parameters: {"id"=>"1"}
  [1m[36mUser Load (1.0ms)[0m  [1mSELECT  "users".* FROM "users" WHERE "users"."id" = ? LIMIT 1[0m  [["id", 1]]
  Rendered users/show.html.erb within layouts/application (40.0ms)
Completed 500 Internal Server Error in 115ms

ActionView::Template::Error (undefined local variable or method `string' for #<#<Class:0x8eebca0>:0x97f2df8>):
    2: 
    3: <p>
    4:   <strong>Name;string:</strong>
    5:   <%= @user.name;string %>
    6: </p>
    7: 
    8: <p>
  app/views/users/show.html.erb:5:in `_app_views_users_show_html_erb__70374433_79662336'


  Rendered C:/RailsInstaller/Ruby2.1.0/lib/ruby/gems/2.1.0/gems/web-console-2.0.0/lib/action_dispatch/templates/rescues/_source.erb (7.0ms)
  Rendered C:/RailsInstaller/Ruby2.1.0/lib/ruby/gems/2.1.0/gems/web-console-2.0.0/lib/action_dispatch/templates/rescues/_trace.html.erb (13.0ms)
  Rendered C:/RailsInstaller/Ruby2.1.0/lib/ruby/gems/2.1.0/gems/web-console-2.0.0/lib/action_dispatch/templates/rescues/_request_and_response.html.erb (3.0ms)
  Rendered C:/RailsInstaller/Ruby2.1.0/lib/ruby/gems/2.1.0/gems/web-console-2.0.0/lib/action_dispatch/templates/rescues/_web_console.html.erb (3.0ms)
  Rendered C:/RailsInstaller/Ruby2.1.0/lib/ruby/gems/2.1.0/gems/web-console-2.0.0/lib/action_dispatch/templates/rescues/template_error.html.erb within rescues/layout (164.2ms)


Started GET "/users/1" for ::1 at 2015-02-23 12:24:49 -0500
Processing by UsersController#show as HTML
  Parameters: {"id"=>"1"}
  [1m[35mUser Load (1.0ms)[0m  SELECT  "users".* FROM "users" WHERE "users"."id" = ? LIMIT 1  [["id", 1]]
  Rendered users/show.html.erb within layouts/application (4.0ms)
Completed 200 OK in 286ms (Views: 280.2ms | ActiveRecord: 1.0ms)


Started GET "/assets/scaffolds-ba7c84f448cd261839779e1712c0e4e7.css?body=1" for ::1 at 2015-02-23 12:24:49 -0500


Started GET "/assets/jquery_ujs-e27bd20a10d28155845a22d71ef94f2f.js?body=1" for ::1 at 2015-02-23 12:24:50 -0500


Started GET "/assets/turbolinks-f87b3583ca50adb0488b031297f5580d.js?body=1" for ::1 at 2015-02-23 12:24:50 -0500


Started GET "/assets/users-64e62ddc273c2f5847f30d698ca14b67.css?body=1" for ::1 at 2015-02-23 12:24:50 -0500


Started GET "/assets/jquery-87424c3c19e96d4fb033c10ebe21ec40.js?body=1" for ::1 at 2015-02-23 12:24:50 -0500


Started GET "/assets/application-13917518ba3a6f6eccc67bf79d85a186.css?body=1" for ::1 at 2015-02-23 12:24:50 -0500


Started GET "/assets/users-fcec5b5a277ac7c20cc9f45a209a3bcd.js?body=1" for ::1 at 2015-02-23 12:24:50 -0500


Started GET "/assets/application-001948a807d6467a657420955d9f0c1c.js?body=1" for ::1 at 2015-02-23 12:24:50 -0500


Started GET "/users/1" for ::1 at 2015-02-23 12:25:02 -0500
Processing by UsersController#show as HTML
  Parameters: {"id"=>"1"}
  [1m[36mUser Load (0.0ms)[0m  [1mSELECT  "users".* FROM "users" WHERE "users"."id" = ? LIMIT 1[0m  [["id", 1]]
  Rendered users/show.html.erb within layouts/application (3.0ms)
Completed 200 OK in 298ms (Views: 293.2ms | ActiveRecord: 0.0ms)


Started GET "/assets/scaffolds-ba7c84f448cd261839779e1712c0e4e7.css?body=1" for ::1 at 2015-02-23 12:25:02 -0500


Started GET "/assets/jquery_ujs-e27bd20a10d28155845a22d71ef94f2f.js?body=1" for ::1 at 2015-02-23 12:25:02 -0500


Started GET "/assets/turbolinks-f87b3583ca50adb0488b031297f5580d.js?body=1" for ::1 at 2015-02-23 12:25:02 -0500


Started GET "/assets/jquery-87424c3c19e96d4fb033c10ebe21ec40.js?body=1" for ::1 at 2015-02-23 12:25:02 -0500


Started GET "/assets/users-64e62ddc273c2f5847f30d698ca14b67.css?body=1" for ::1 at 2015-02-23 12:25:03 -0500


Started GET "/assets/application-13917518ba3a6f6eccc67bf79d85a186.css?body=1" for ::1 at 2015-02-23 12:25:03 -0500


Started GET "/assets/users-fcec5b5a277ac7c20cc9f45a209a3bcd.js?body=1" for ::1 at 2015-02-23 12:25:03 -0500


Started GET "/assets/application-001948a807d6467a657420955d9f0c1c.js?body=1" for ::1 at 2015-02-23 12:25:03 -0500


Started GET "/users/new" for ::1 at 2015-02-23 12:26:15 -0500
Processing by UsersController#new as HTML
  Rendered users/_form.html.erb (6.0ms)
  Rendered users/new.html.erb within layouts/application (23.0ms)
Completed 200 OK in 264ms (Views: 264.0ms | ActiveRecord: 0.0ms)


Started GET "/assets/users-64e62ddc273c2f5847f30d698ca14b67.css?body=1" for ::1 at 2015-02-23 12:26:15 -0500


Started GET "/assets/scaffolds-ba7c84f448cd261839779e1712c0e4e7.css?body=1" for ::1 at 2015-02-23 12:26:15 -0500


Started GET "/assets/application-13917518ba3a6f6eccc67bf79d85a186.css?body=1" for ::1 at 2015-02-23 12:26:15 -0500


Started GET "/assets/jquery-87424c3c19e96d4fb033c10ebe21ec40.js?body=1" for ::1 at 2015-02-23 12:26:15 -0500


Started GET "/assets/users-fcec5b5a277ac7c20cc9f45a209a3bcd.js?body=1" for ::1 at 2015-02-23 12:26:15 -0500


Started GET "/assets/jquery_ujs-e27bd20a10d28155845a22d71ef94f2f.js?body=1" for ::1 at 2015-02-23 12:26:15 -0500


Started GET "/assets/application-001948a807d6467a657420955d9f0c1c.js?body=1" for ::1 at 2015-02-23 12:26:15 -0500


Started GET "/assets/turbolinks-f87b3583ca50adb0488b031297f5580d.js?body=1" for ::1 at 2015-02-23 12:26:15 -0500


Started POST "/users" for ::1 at 2015-02-23 12:26:34 -0500
Processing by UsersController#create as HTML
  Parameters: {"utf8"=>"✓", "authenticity_token"=>"3IzUGL2ab6KCgIbxSQCrbOeSFvyMvVIHCnDUIcnOhRXsY/9Rbri/WI2ejA1edA7k5CZs2tPpvan0GhsgLMgGFw==", "user"=>{"name"=>"goober", "email"=>"goober@goober.com"}, "commit"=>"Create User"}
  [1m[35m (0.0ms)[0m  begin transaction
  [1m[36mSQL (2.0ms)[0m  [1mINSERT INTO "users" ("name", "email", "created_at", "updated_at") VALUES (?, ?, ?, ?)[0m  [["name", "goober"], ["email", "goober@goober.com"], ["created_at", "2015-02-23 17:26:34.066128"], ["updated_at", "2015-02-23 17:26:34.066128"]]
  [1m[35m (158.6ms)[0m  commit transaction
Redirected to http://localhost:3000/users/2
Completed 302 Found in 175ms (ActiveRecord: 160.6ms)


Started GET "/users/2" for ::1 at 2015-02-23 12:26:34 -0500
Processing by UsersController#show as HTML
  Parameters: {"id"=>"2"}
  [1m[36mUser Load (1.0ms)[0m  [1mSELECT  "users".* FROM "users" WHERE "users"."id" = ? LIMIT 1[0m  [["id", 2]]
  Rendered users/show.html.erb within layouts/application (2.0ms)
Completed 200 OK in 199ms (Views: 193.2ms | ActiveRecord: 1.0ms)


Started GET "/assets/application-13917518ba3a6f6eccc67bf79d85a186.css?body=1" for ::1 at 2015-02-23 12:26:34 -0500


Started GET "/assets/users-64e62ddc273c2f5847f30d698ca14b67.css?body=1" for ::1 at 2015-02-23 12:26:34 -0500


Started GET "/assets/scaffolds-ba7c84f448cd261839779e1712c0e4e7.css?body=1" for ::1 at 2015-02-23 12:26:34 -0500


Started GET "/assets/jquery-87424c3c19e96d4fb033c10ebe21ec40.js?body=1" for ::1 at 2015-02-23 12:26:34 -0500


Started GET "/assets/jquery_ujs-e27bd20a10d28155845a22d71ef94f2f.js?body=1" for ::1 at 2015-02-23 12:26:34 -0500


Started GET "/assets/turbolinks-f87b3583ca50adb0488b031297f5580d.js?body=1" for ::1 at 2015-02-23 12:26:34 -0500


Started GET "/assets/users-fcec5b5a277ac7c20cc9f45a209a3bcd.js?body=1" for ::1 at 2015-02-23 12:26:34 -0500


Started GET "/assets/application-001948a807d6467a657420955d9f0c1c.js?body=1" for ::1 at 2015-02-23 12:26:34 -0500


Started GET "/users/" for ::1 at 2015-02-23 12:26:50 -0500
Processing by UsersController#index as HTML
  [1m[35mUser Load (1.0ms)[0m  SELECT "users".* FROM "users"
  Rendered users/index.html.erb within layouts/application (51.0ms)
Completed 500 Internal Server Error in 98ms

ActionView::Template::Error (undefined local variable or method `string' for #<#<Class:0x8eebca0>:0x4838ca0>):
    14:   <tbody>
    15:     <% @users.each do |user| %>
    16:       <tr>
    17:         <td><%= user.name;string %></td>
    18:         <td><%= user.email %></td>
    19:         <td><%= link_to 'Show', user %></td>
    20:         <td><%= link_to 'Edit', edit_user_path(user) %></td>
  app/views/users/index.html.erb:17:in `block in _app_views_users_index_html_erb__107096633_64144104'
  app/views/users/index.html.erb:15:in `_app_views_users_index_html_erb__107096633_64144104'


  Rendered C:/RailsInstaller/Ruby2.1.0/lib/ruby/gems/2.1.0/gems/web-console-2.0.0/lib/action_dispatch/templates/rescues/_source.erb (7.0ms)
  Rendered C:/RailsInstaller/Ruby2.1.0/lib/ruby/gems/2.1.0/gems/web-console-2.0.0/lib/action_dispatch/templates/rescues/_trace.html.erb (13.0ms)
  Rendered C:/RailsInstaller/Ruby2.1.0/lib/ruby/gems/2.1.0/gems/web-console-2.0.0/lib/action_dispatch/templates/rescues/_request_and_response.html.erb (3.0ms)
  Rendered C:/RailsInstaller/Ruby2.1.0/lib/ruby/gems/2.1.0/gems/web-console-2.0.0/lib/action_dispatch/templates/rescues/_web_console.html.erb (3.0ms)
  Rendered C:/RailsInstaller/Ruby2.1.0/lib/ruby/gems/2.1.0/gems/web-console-2.0.0/lib/action_dispatch/templates/rescues/template_error.html.erb within rescues/layout (156.1ms)


Started GET "/users/" for ::1 at 2015-02-23 12:27:10 -0500
Processing by UsersController#index as HTML
  [1m[36mUser Load (1.0ms)[0m  [1mSELECT "users".* FROM "users"[0m
  Rendered users/index.html.erb within layouts/application (10.0ms)
Completed 200 OK in 276ms (Views: 274.2ms | ActiveRecord: 1.0ms)


Started GET "/assets/application-13917518ba3a6f6eccc67bf79d85a186.css?body=1" for ::1 at 2015-02-23 12:27:10 -0500


Started GET "/assets/users-64e62ddc273c2f5847f30d698ca14b67.css?body=1" for ::1 at 2015-02-23 12:27:10 -0500


Started GET "/assets/scaffolds-ba7c84f448cd261839779e1712c0e4e7.css?body=1" for ::1 at 2015-02-23 12:27:10 -0500


Started GET "/assets/jquery-87424c3c19e96d4fb033c10ebe21ec40.js?body=1" for ::1 at 2015-02-23 12:27:10 -0500


Started GET "/assets/jquery_ujs-e27bd20a10d28155845a22d71ef94f2f.js?body=1" for ::1 at 2015-02-23 12:27:10 -0500


Started GET "/assets/users-fcec5b5a277ac7c20cc9f45a209a3bcd.js?body=1" for ::1 at 2015-02-23 12:27:10 -0500


Started GET "/assets/turbolinks-f87b3583ca50adb0488b031297f5580d.js?body=1" for ::1 at 2015-02-23 12:27:10 -0500


Started GET "/assets/application-001948a807d6467a657420955d9f0c1c.js?body=1" for ::1 at 2015-02-23 12:27:10 -0500


Started DELETE "/users/2" for ::1 at 2015-02-23 12:27:14 -0500
Processing by UsersController#destroy as HTML
  Parameters: {"authenticity_token"=>"F+uC3x7dJBIEK/65cMNMJkHGgL1yKjDPgPk/oIoLZNAnBKmWzf/06As19EVnt+muQnL6my1+32F+k/Chbw3n0g==", "id"=>"2"}
  [1m[35mUser Load (1.0ms)[0m  SELECT  "users".* FROM "users" WHERE "users"."id" = ? LIMIT 1  [["id", 2]]
  [1m[36m (0.0ms)[0m  [1mbegin transaction[0m
  [1m[35mSQL (2.0ms)[0m  DELETE FROM "users" WHERE "users"."id" = ?  [["id", 2]]
  [1m[36m (144.1ms)[0m  [1mcommit transaction[0m
Redirected to http://localhost:3000/users
Completed 302 Found in 162ms (ActiveRecord: 147.1ms)


Started GET "/users" for ::1 at 2015-02-23 12:27:14 -0500
Processing by UsersController#index as HTML
  [1m[35mUser Load (1.0ms)[0m  SELECT "users".* FROM "users"
  Rendered users/index.html.erb within layouts/application (6.0ms)
Completed 200 OK in 265ms (Views: 261.2ms | ActiveRecord: 1.0ms)


Started GET "/assets/application-13917518ba3a6f6eccc67bf79d85a186.css?body=1" for ::1 at 2015-02-23 12:27:14 -0500


Started GET "/assets/jquery-87424c3c19e96d4fb033c10ebe21ec40.js?body=1" for ::1 at 2015-02-23 12:27:14 -0500


Started GET "/assets/users-64e62ddc273c2f5847f30d698ca14b67.css?body=1" for ::1 at 2015-02-23 12:27:14 -0500


Started GET "/assets/turbolinks-f87b3583ca50adb0488b031297f5580d.js?body=1" for ::1 at 2015-02-23 12:27:14 -0500


Started GET "/assets/scaffolds-ba7c84f448cd261839779e1712c0e4e7.css?body=1" for ::1 at 2015-02-23 12:27:14 -0500


Started GET "/assets/jquery_ujs-e27bd20a10d28155845a22d71ef94f2f.js?body=1" for ::1 at 2015-02-23 12:27:14 -0500


Started GET "/assets/users-fcec5b5a277ac7c20cc9f45a209a3bcd.js?body=1" for ::1 at 2015-02-23 12:27:15 -0500


Started GET "/assets/application-001948a807d6467a657420955d9f0c1c.js?body=1" for ::1 at 2015-02-23 12:27:15 -0500
  [1m[36mActiveRecord::SchemaMigration Load (0.0ms)[0m  [1mSELECT "schema_migrations".* FROM "schema_migrations"[0m
Migrating to CreateMicroposts (20150223173517)
  [1m[35m (0.0ms)[0m  begin transaction
  [1m[36m (0.0ms)[0m  [1mCREATE TABLE "microposts" ("id" INTEGER PRIMARY KEY AUTOINCREMENT NOT NULL, "content" text, "user_id" integer, "created_at" datetime NOT NULL, "updated_at" datetime NOT NULL) [0m
  [1m[35mSQL (0.0ms)[0m  INSERT INTO "schema_migrations" ("version") VALUES (?)  [["version", "20150223173517"]]
  [1m[36m (187.5ms)[0m  [1mcommit transaction[0m
  [1m[35mActiveRecord::SchemaMigration Load (0.0ms)[0m  SELECT "schema_migrations".* FROM "schema_migrations"


Started GET "/micropost/new" for ::1 at 2015-02-23 12:37:50 -0500
  [1m[36mActiveRecord::SchemaMigration Load (0.0ms)[0m  [1mSELECT "schema_migrations".* FROM "schema_migrations"[0m

ActionController::RoutingError (No route matches [GET] "/micropost/new"):
  web-console (2.0.0) lib/action_dispatch/debug_exceptions.rb:22:in `middleware_call'
  web-console (2.0.0) lib/action_dispatch/debug_exceptions.rb:13:in `call'
  actionpack (4.2.0) lib/action_dispatch/middleware/show_exceptions.rb:30:in `call'
  railties (4.2.0) lib/rails/rack/logger.rb:38:in `call_app'
  railties (4.2.0) lib/rails/rack/logger.rb:20:in `block in call'
  activesupport (4.2.0) lib/active_support/tagged_logging.rb:68:in `block in tagged'
  activesupport (4.2.0) lib/active_support/tagged_logging.rb:26:in `tagged'
  activesupport (4.2.0) lib/active_support/tagged_logging.rb:68:in `tagged'
  railties (4.2.0) lib/rails/rack/logger.rb:20:in `call'
  actionpack (4.2.0) lib/action_dispatch/middleware/request_id.rb:21:in `call'
  rack (1.6.0) lib/rack/methodoverride.rb:22:in `call'
  rack (1.6.0) lib/rack/runtime.rb:18:in `call'
  activesupport (4.2.0) lib/active_support/cache/strategy/local_cache_middleware.rb:28:in `call'
  rack (1.6.0) lib/rack/lock.rb:17:in `call'
  actionpack (4.2.0) lib/action_dispatch/middleware/static.rb:113:in `call'
  rack (1.6.0) lib/rack/sendfile.rb:113:in `call'
  railties (4.2.0) lib/rails/engine.rb:518:in `call'
  railties (4.2.0) lib/rails/application.rb:164:in `call'
  rack (1.6.0) lib/rack/lock.rb:17:in `call'
  rack (1.6.0) lib/rack/content_length.rb:15:in `call'
  rack (1.6.0) lib/rack/handler/webrick.rb:89:in `service'
  C:/RailsInstaller/Ruby2.1.0/lib/ruby/2.1.0/webrick/httpserver.rb:138:in `service'
  C:/RailsInstaller/Ruby2.1.0/lib/ruby/2.1.0/webrick/httpserver.rb:94:in `run'
  C:/RailsInstaller/Ruby2.1.0/lib/ruby/2.1.0/webrick/server.rb:295:in `block in start_thread'


  Rendered C:/RailsInstaller/Ruby2.1.0/lib/ruby/gems/2.1.0/gems/web-console-2.0.0/lib/action_dispatch/templates/rescues/_trace.html.erb (6.0ms)
  Rendered C:/RailsInstaller/Ruby2.1.0/lib/ruby/gems/2.1.0/gems/web-console-2.0.0/lib/action_dispatch/templates/routes/_route.html.erb (4.0ms)
  Rendered C:/RailsInstaller/Ruby2.1.0/lib/ruby/gems/2.1.0/gems/web-console-2.0.0/lib/action_dispatch/templates/routes/_table.html.erb (4.0ms)
  Rendered C:/RailsInstaller/Ruby2.1.0/lib/ruby/gems/2.1.0/gems/web-console-2.0.0/lib/action_dispatch/templates/rescues/_request_and_response.html.erb (4.0ms)
  Rendered C:/RailsInstaller/Ruby2.1.0/lib/ruby/gems/2.1.0/gems/web-console-2.0.0/lib/action_dispatch/templates/rescues/_web_console.html.erb (3.0ms)
  Rendered C:/RailsInstaller/Ruby2.1.0/lib/ruby/gems/2.1.0/gems/web-console-2.0.0/lib/action_dispatch/templates/rescues/routing_error.html.erb within rescues/layout (221.2ms)


Started GET "/microposts/new" for ::1 at 2015-02-23 12:37:56 -0500
Processing by MicropostsController#new as HTML
  Rendered microposts/_form.html.erb (42.3ms)
  Rendered microposts/new.html.erb within layouts/application (51.3ms)
Completed 200 OK in 933ms (Views: 913.0ms | ActiveRecord: 2.0ms)


Started GET "/assets/microposts-64e62ddc273c2f5847f30d698ca14b67.css?body=1" for ::1 at 2015-02-23 12:37:57 -0500


Started GET "/assets/scaffolds-ba7c84f448cd261839779e1712c0e4e7.css?body=1" for ::1 at 2015-02-23 12:37:57 -0500


Started GET "/assets/users-64e62ddc273c2f5847f30d698ca14b67.css?body=1" for ::1 at 2015-02-23 12:37:57 -0500


Started GET "/assets/application-13917518ba3a6f6eccc67bf79d85a186.css?body=1" for ::1 at 2015-02-23 12:37:57 -0500


Started GET "/assets/jquery-87424c3c19e96d4fb033c10ebe21ec40.js?body=1" for ::1 at 2015-02-23 12:37:58 -0500


Started GET "/assets/jquery_ujs-e27bd20a10d28155845a22d71ef94f2f.js?body=1" for ::1 at 2015-02-23 12:37:58 -0500


Started GET "/assets/turbolinks-f87b3583ca50adb0488b031297f5580d.js?body=1" for ::1 at 2015-02-23 12:37:58 -0500


Started GET "/assets/microposts-fcec5b5a277ac7c20cc9f45a209a3bcd.js?body=1" for ::1 at 2015-02-23 12:37:58 -0500


Started GET "/assets/users-fcec5b5a277ac7c20cc9f45a209a3bcd.js?body=1" for ::1 at 2015-02-23 12:37:58 -0500


Started GET "/assets/application-d5dd9df895e734baa4e6c45e5b5415a9.js?body=1" for ::1 at 2015-02-23 12:37:58 -0500


Started POST "/microposts" for ::1 at 2015-02-23 12:38:20 -0500
Processing by MicropostsController#create as HTML
  Parameters: {"utf8"=>"✓", "authenticity_token"=>"KwJoYsMBoklsF/PKgUdXNA4jHnpflKRBFAis7HR2EnMb7UMrECNys2MJ+TaWM/K8DZdkXADAS+/qYmPtkXCRcQ==", "micropost"=>{"content"=>"This is a sample micropost", "user_id"=>"1"}, "commit"=>"Create Micropost"}
  [1m[35m (0.0ms)[0m  begin transaction
  [1m[36mSQL (2.0ms)[0m  [1mINSERT INTO "microposts" ("content", "user_id", "created_at", "updated_at") VALUES (?, ?, ?, ?)[0m  [["content", "This is a sample micropost"], ["user_id", 1], ["created_at", "2015-02-23 17:38:20.675015"], ["updated_at", "2015-02-23 17:38:20.675015"]]
  [1m[35m (216.2ms)[0m  commit transaction
Redirected to http://localhost:3000/microposts/1
Completed 302 Found in 234ms (ActiveRecord: 218.2ms)


Started GET "/microposts/1" for ::1 at 2015-02-23 12:38:20 -0500
Processing by MicropostsController#show as HTML
  Parameters: {"id"=>"1"}
  [1m[36mMicropost Load (0.0ms)[0m  [1mSELECT  "microposts".* FROM "microposts" WHERE "microposts"."id" = ? LIMIT 1[0m  [["id", 1]]
  Rendered microposts/show.html.erb within layouts/application (2.0ms)
Completed 200 OK in 389ms (Views: 379.3ms | ActiveRecord: 0.0ms)


Started GET "/assets/jquery-87424c3c19e96d4fb033c10ebe21ec40.js?body=1" for ::1 at 2015-02-23 12:38:21 -0500


Started GET "/assets/jquery_ujs-e27bd20a10d28155845a22d71ef94f2f.js?body=1" for ::1 at 2015-02-23 12:38:21 -0500


Started GET "/assets/scaffolds-ba7c84f448cd261839779e1712c0e4e7.css?body=1" for ::1 at 2015-02-23 12:38:21 -0500


Started GET "/assets/application-13917518ba3a6f6eccc67bf79d85a186.css?body=1" for ::1 at 2015-02-23 12:38:21 -0500


Started GET "/assets/turbolinks-f87b3583ca50adb0488b031297f5580d.js?body=1" for ::1 at 2015-02-23 12:38:21 -0500


Started GET "/assets/users-64e62ddc273c2f5847f30d698ca14b67.css?body=1" for ::1 at 2015-02-23 12:38:21 -0500


Started GET "/assets/users-fcec5b5a277ac7c20cc9f45a209a3bcd.js?body=1" for ::1 at 2015-02-23 12:38:21 -0500


Started GET "/microposts/new" for ::1 at 2015-02-23 12:38:43 -0500
Processing by MicropostsController#new as HTML
  Rendered microposts/_form.html.erb (7.0ms)
  Rendered microposts/new.html.erb within layouts/application (19.0ms)
Completed 200 OK in 318ms (Views: 313.2ms | ActiveRecord: 0.0ms)


Started GET "/assets/application-13917518ba3a6f6eccc67bf79d85a186.css?body=1" for ::1 at 2015-02-23 12:38:44 -0500


Started GET "/assets/users-64e62ddc273c2f5847f30d698ca14b67.css?body=1" for ::1 at 2015-02-23 12:38:44 -0500


Started GET "/assets/jquery_ujs-e27bd20a10d28155845a22d71ef94f2f.js?body=1" for ::1 at 2015-02-23 12:38:44 -0500


Started GET "/assets/turbolinks-f87b3583ca50adb0488b031297f5580d.js?body=1" for ::1 at 2015-02-23 12:38:44 -0500


Started GET "/assets/scaffolds-ba7c84f448cd261839779e1712c0e4e7.css?body=1" for ::1 at 2015-02-23 12:38:44 -0500


Started GET "/assets/jquery-87424c3c19e96d4fb033c10ebe21ec40.js?body=1" for ::1 at 2015-02-23 12:38:44 -0500


Started GET "/assets/users-fcec5b5a277ac7c20cc9f45a209a3bcd.js?body=1" for ::1 at 2015-02-23 12:38:44 -0500


Started POST "/microposts" for ::1 at 2015-02-23 12:38:50 -0500
Processing by MicropostsController#create as HTML
  Parameters: {"utf8"=>"✓", "authenticity_token"=>"GRnhC/DU17xxN2gmXXlYgvyGYd5C8QQRRB7w459pcyMp9spCI/YHRn4pYtpKDf0K/zIb+B2l67+6dD/iem/wIQ==", "micropost"=>{"content"=>"A second test pot", "user_id"=>"1"}, "commit"=>"Create Micropost"}
  [1m[35m (0.0ms)[0m  begin transaction
  [1m[36mSQL (1.0ms)[0m  [1mINSERT INTO "microposts" ("content", "user_id", "created_at", "updated_at") VALUES (?, ?, ?, ?)[0m  [["content", "A second test pot"], ["user_id", 1], ["created_at", "2015-02-23 17:38:50.203414"], ["updated_at", "2015-02-23 17:38:50.203414"]]
  [1m[35m (158.1ms)[0m  commit transaction
Redirected to http://localhost:3000/microposts/2
Completed 302 Found in 177ms (ActiveRecord: 159.1ms)


Started GET "/microposts/2" for ::1 at 2015-02-23 12:38:50 -0500
Processing by MicropostsController#show as HTML
  Parameters: {"id"=>"2"}
  [1m[36mMicropost Load (1.0ms)[0m  [1mSELECT  "microposts".* FROM "microposts" WHERE "microposts"."id" = ? LIMIT 1[0m  [["id", 2]]
  Rendered microposts/show.html.erb within layouts/application (1.0ms)
Completed 200 OK in 342ms (Views: 329.2ms | ActiveRecord: 1.0ms)


Started GET "/assets/users-64e62ddc273c2f5847f30d698ca14b67.css?body=1" for ::1 at 2015-02-23 12:38:50 -0500


Started GET "/assets/scaffolds-ba7c84f448cd261839779e1712c0e4e7.css?body=1" for ::1 at 2015-02-23 12:38:50 -0500


Started GET "/assets/jquery_ujs-e27bd20a10d28155845a22d71ef94f2f.js?body=1" for ::1 at 2015-02-23 12:38:50 -0500


Started GET "/assets/turbolinks-f87b3583ca50adb0488b031297f5580d.js?body=1" for ::1 at 2015-02-23 12:38:50 -0500


Started GET "/assets/jquery-87424c3c19e96d4fb033c10ebe21ec40.js?body=1" for ::1 at 2015-02-23 12:38:50 -0500


Started GET "/assets/application-13917518ba3a6f6eccc67bf79d85a186.css?body=1" for ::1 at 2015-02-23 12:38:50 -0500


Started GET "/assets/users-fcec5b5a277ac7c20cc9f45a209a3bcd.js?body=1" for ::1 at 2015-02-23 12:38:51 -0500
